{"C:\\Users\\Youssef\\.vscode\\projetApplicationWeb\\frontend\\postcss.config.js": {"path":"C:\\Users\\Youssef\\.vscode\\projetApplicationWeb\\frontend\\postcss.config.js","all":true,"statementMap":{"0":{"start":{"line":1,"column":0},"end":{"line":1,"column":16}},"1":{"start":{"line":2,"column":0},"end":{"line":2,"column":12}},"2":{"start":{"line":3,"column":0},"end":{"line":3,"column":20}},"3":{"start":{"line":4,"column":0},"end":{"line":4,"column":21}},"4":{"start":{"line":5,"column":0},"end":{"line":5,"column":3}},"5":{"start":{"line":6,"column":0},"end":{"line":6,"column":1}}},"s":{"0":0,"1":0,"2":0,"3":0,"4":0,"5":0},"branchMap":{"0":{"type":"branch","line":1,"loc":{"start":{"line":1,"column":83},"end":{"line":6,"column":1}},"locations":[{"start":{"line":1,"column":83},"end":{"line":6,"column":1}}]}},"b":{"0":[0]},"fnMap":{"0":{"name":"(empty-report)","decl":{"start":{"line":1,"column":83},"end":{"line":6,"column":1}},"loc":{"start":{"line":1,"column":83},"end":{"line":6,"column":1}},"line":1}},"f":{"0":0}}
,"C:\\Users\\Youssef\\.vscode\\projetApplicationWeb\\frontend\\tailwind.config.js": {"path":"C:\\Users\\Youssef\\.vscode\\projetApplicationWeb\\frontend\\tailwind.config.js","all":true,"statementMap":{"0":{"start":{"line":1,"column":0},"end":{"line":1,"column":16}},"1":{"start":{"line":2,"column":0},"end":{"line":2,"column":12}},"2":{"start":{"line":3,"column":0},"end":{"line":3,"column":19}},"3":{"start":{"line":4,"column":0},"end":{"line":4,"column":33}},"4":{"start":{"line":5,"column":0},"end":{"line":5,"column":4}},"5":{"start":{"line":6,"column":0},"end":{"line":6,"column":10}},"6":{"start":{"line":7,"column":0},"end":{"line":7,"column":15}},"7":{"start":{"line":8,"column":0},"end":{"line":8,"column":4}},"8":{"start":{"line":9,"column":0},"end":{"line":9,"column":14}},"9":{"start":{"line":10,"column":0},"end":{"line":10,"column":1}}},"s":{"0":0,"1":0,"2":0,"3":0,"4":0,"5":0,"6":0,"7":0,"8":0,"9":0},"branchMap":{"0":{"type":"branch","line":1,"loc":{"start":{"line":1,"column":146},"end":{"line":10,"column":1}},"locations":[{"start":{"line":1,"column":146},"end":{"line":10,"column":1}}]}},"b":{"0":[0]},"fnMap":{"0":{"name":"(empty-report)","decl":{"start":{"line":1,"column":146},"end":{"line":10,"column":1}},"loc":{"start":{"line":1,"column":146},"end":{"line":10,"column":1}},"line":1}},"f":{"0":0}}
,"C:\\Users\\Youssef\\.vscode\\projetApplicationWeb\\frontend\\features\\step_definitions\\marketplaceSteps.js": {"path":"C:\\Users\\Youssef\\.vscode\\projetApplicationWeb\\frontend\\features\\step_definitions\\marketplaceSteps.js","all":true,"statementMap":{"0":{"start":{"line":1,"column":0},"end":{"line":1,"column":28}},"1":{"start":{"line":2,"column":0},"end":{"line":2,"column":63}},"2":{"start":{"line":3,"column":0},"end":{"line":3,"column":55}},"3":{"start":{"line":4,"column":0},"end":{"line":4,"column":0}},"4":{"start":{"line":5,"column":0},"end":{"line":5,"column":20}},"5":{"start":{"line":6,"column":0},"end":{"line":6,"column":20}},"6":{"start":{"line":7,"column":0},"end":{"line":7,"column":3}},"7":{"start":{"line":8,"column":0},"end":{"line":8,"column":0}},"8":{"start":{"line":9,"column":0},"end":{"line":9,"column":82}},"9":{"start":{"line":10,"column":0},"end":{"line":10,"column":47}},"10":{"start":{"line":11,"column":0},"end":{"line":11,"column":3}},"11":{"start":{"line":12,"column":0},"end":{"line":12,"column":0}},"12":{"start":{"line":13,"column":0},"end":{"line":13,"column":44}},"13":{"start":{"line":14,"column":0},"end":{"line":14,"column":64}},"14":{"start":{"line":15,"column":0},"end":{"line":15,"column":3}},"15":{"start":{"line":16,"column":0},"end":{"line":16,"column":0}},"16":{"start":{"line":17,"column":0},"end":{"line":17,"column":110}},"17":{"start":{"line":18,"column":0},"end":{"line":18,"column":59}},"18":{"start":{"line":19,"column":0},"end":{"line":19,"column":49}},"19":{"start":{"line":20,"column":0},"end":{"line":20,"column":51}},"20":{"start":{"line":21,"column":0},"end":{"line":21,"column":3}},"21":{"start":{"line":22,"column":0},"end":{"line":22,"column":0}},"22":{"start":{"line":23,"column":0},"end":{"line":23,"column":58}},"23":{"start":{"line":24,"column":0},"end":{"line":24,"column":36}},"24":{"start":{"line":25,"column":0},"end":{"line":25,"column":3}},"25":{"start":{"line":26,"column":0},"end":{"line":26,"column":0}},"26":{"start":{"line":27,"column":0},"end":{"line":27,"column":55}},"27":{"start":{"line":28,"column":0},"end":{"line":28,"column":7}},"28":{"start":{"line":29,"column":0},"end":{"line":29,"column":52}},"29":{"start":{"line":30,"column":0},"end":{"line":30,"column":19}},"30":{"start":{"line":31,"column":0},"end":{"line":31,"column":31}},"31":{"start":{"line":32,"column":0},"end":{"line":32,"column":3}},"32":{"start":{"line":33,"column":0},"end":{"line":33,"column":3}},"33":{"start":{"line":34,"column":0},"end":{"line":34,"column":0}},"34":{"start":{"line":35,"column":0},"end":{"line":35,"column":58}},"35":{"start":{"line":36,"column":0},"end":{"line":36,"column":61}},"36":{"start":{"line":37,"column":0},"end":{"line":37,"column":58}},"37":{"start":{"line":38,"column":0},"end":{"line":38,"column":3}},"38":{"start":{"line":39,"column":0},"end":{"line":39,"column":0}},"39":{"start":{"line":40,"column":0},"end":{"line":40,"column":117}},"40":{"start":{"line":41,"column":0},"end":{"line":41,"column":35}},"41":{"start":{"line":42,"column":0},"end":{"line":42,"column":49}},"42":{"start":{"line":43,"column":0},"end":{"line":43,"column":3}},"43":{"start":{"line":44,"column":0},"end":{"line":44,"column":0}},"44":{"start":{"line":45,"column":0},"end":{"line":45,"column":77}},"45":{"start":{"line":46,"column":0},"end":{"line":46,"column":104}},"46":{"start":{"line":47,"column":0},"end":{"line":47,"column":78}},"47":{"start":{"line":48,"column":0},"end":{"line":48,"column":43}},"48":{"start":{"line":49,"column":0},"end":{"line":49,"column":62}},"49":{"start":{"line":50,"column":0},"end":{"line":50,"column":3}},"50":{"start":{"line":51,"column":0},"end":{"line":51,"column":0}},"51":{"start":{"line":52,"column":0},"end":{"line":52,"column":69}},"52":{"start":{"line":53,"column":0},"end":{"line":53,"column":61}},"53":{"start":{"line":54,"column":0},"end":{"line":54,"column":3}},"54":{"start":{"line":55,"column":0},"end":{"line":55,"column":0}},"55":{"start":{"line":56,"column":0},"end":{"line":56,"column":71}},"56":{"start":{"line":57,"column":0},"end":{"line":57,"column":61}},"57":{"start":{"line":58,"column":0},"end":{"line":58,"column":3}}},"s":{"0":0,"1":0,"2":0,"3":0,"4":0,"5":0,"6":0,"7":0,"8":0,"9":0,"10":0,"11":0,"12":0,"13":0,"14":0,"15":0,"16":0,"17":0,"18":0,"19":0,"20":0,"21":0,"22":0,"23":0,"24":0,"25":0,"26":0,"27":0,"28":0,"29":0,"30":0,"31":0,"32":0,"33":0,"34":0,"35":0,"36":0,"37":0,"38":0,"39":0,"40":0,"41":0,"42":0,"43":0,"44":0,"45":0,"46":0,"47":0,"48":0,"49":0,"50":0,"51":0,"52":0,"53":0,"54":0,"55":0,"56":0,"57":0},"branchMap":{"0":{"type":"branch","line":1,"loc":{"start":{"line":1,"column":0},"end":{"line":58,"column":-584}},"locations":[{"start":{"line":1,"column":0},"end":{"line":58,"column":-584}}]}},"b":{"0":[0]},"fnMap":{"0":{"name":"(empty-report)","decl":{"start":{"line":1,"column":0},"end":{"line":58,"column":-584}},"loc":{"start":{"line":1,"column":0},"end":{"line":58,"column":-584}},"line":1}},"f":{"0":0}}
,"C:\\Users\\Youssef\\.vscode\\projetApplicationWeb\\frontend\\src\\App.jsx": {"path":"C:\\Users\\Youssef\\.vscode\\projetApplicationWeb\\frontend\\src\\App.jsx","all":true,"statementMap":{"0":{"start":{"line":1,"column":0},"end":{"line":1,"column":26}},"1":{"start":{"line":2,"column":0},"end":{"line":2,"column":74}},"2":{"start":{"line":3,"column":0},"end":{"line":3,"column":41}},"3":{"start":{"line":4,"column":0},"end":{"line":4,"column":45}},"4":{"start":{"line":5,"column":0},"end":{"line":5,"column":54}},"5":{"start":{"line":6,"column":0},"end":{"line":6,"column":51}},"6":{"start":{"line":7,"column":0},"end":{"line":7,"column":69}},"7":{"start":{"line":8,"column":0},"end":{"line":8,"column":50}},"8":{"start":{"line":9,"column":0},"end":{"line":9,"column":48}},"9":{"start":{"line":10,"column":0},"end":{"line":10,"column":63}},"10":{"start":{"line":11,"column":0},"end":{"line":11,"column":54}},"11":{"start":{"line":12,"column":0},"end":{"line":12,"column":69}},"12":{"start":{"line":13,"column":0},"end":{"line":13,"column":46}},"14":{"start":{"line":15,"column":0},"end":{"line":15,"column":16}},"15":{"start":{"line":16,"column":0},"end":{"line":16,"column":10}},"16":{"start":{"line":17,"column":0},"end":{"line":17,"column":12}},"17":{"start":{"line":18,"column":0},"end":{"line":18,"column":16}},"19":{"start":{"line":20,"column":0},"end":{"line":20,"column":41}},"20":{"start":{"line":21,"column":0},"end":{"line":21,"column":16}},"21":{"start":{"line":22,"column":0},"end":{"line":22,"column":51}},"22":{"start":{"line":23,"column":0},"end":{"line":23,"column":53}},"23":{"start":{"line":24,"column":0},"end":{"line":24,"column":59}},"24":{"start":{"line":25,"column":0},"end":{"line":25,"column":57}},"25":{"start":{"line":26,"column":0},"end":{"line":26,"column":68}},"26":{"start":{"line":27,"column":0},"end":{"line":27,"column":69}},"27":{"start":{"line":28,"column":0},"end":{"line":28,"column":57}},"28":{"start":{"line":29,"column":0},"end":{"line":29,"column":59}},"29":{"start":{"line":30,"column":0},"end":{"line":30,"column":73}},"30":{"start":{"line":31,"column":0},"end":{"line":31,"column":55}},"31":{"start":{"line":32,"column":0},"end":{"line":32,"column":17}},"32":{"start":{"line":33,"column":0},"end":{"line":33,"column":12}},"33":{"start":{"line":34,"column":0},"end":{"line":34,"column":13}},"35":{"start":{"line":36,"column":0},"end":{"line":36,"column":1}},"37":{"start":{"line":38,"column":0},"end":{"line":38,"column":19}}},"s":{"0":0,"1":0,"2":0,"3":0,"4":0,"5":0,"6":0,"7":0,"8":0,"9":0,"10":0,"11":0,"12":0,"14":0,"15":0,"16":0,"17":0,"19":0,"20":0,"21":0,"22":0,"23":0,"24":0,"25":0,"26":0,"27":0,"28":0,"29":0,"30":0,"31":0,"32":0,"33":0,"35":0,"37":0},"branchMap":{"0":{"type":"branch","line":1,"loc":{"start":{"line":1,"column":1542},"end":{"line":38,"column":19}},"locations":[{"start":{"line":1,"column":1542},"end":{"line":38,"column":19}}]}},"b":{"0":[0]},"fnMap":{"0":{"name":"(empty-report)","decl":{"start":{"line":1,"column":1542},"end":{"line":38,"column":19}},"loc":{"start":{"line":1,"column":1542},"end":{"line":38,"column":19}},"line":1}},"f":{"0":0}}
,"C:\\Users\\Youssef\\.vscode\\projetApplicationWeb\\frontend\\src\\main.jsx": {"path":"C:\\Users\\Youssef\\.vscode\\projetApplicationWeb\\frontend\\src\\main.jsx","all":true,"statementMap":{"0":{"start":{"line":1,"column":0},"end":{"line":1,"column":26}},"1":{"start":{"line":2,"column":0},"end":{"line":2,"column":40}},"2":{"start":{"line":3,"column":0},"end":{"line":3,"column":24}},"3":{"start":{"line":4,"column":0},"end":{"line":4,"column":20}},"4":{"start":{"line":5,"column":0},"end":{"line":5,"column":53}},"6":{"start":{"line":7,"column":0},"end":{"line":7,"column":60}},"7":{"start":{"line":8,"column":0},"end":{"line":8,"column":20}},"8":{"start":{"line":9,"column":0},"end":{"line":9,"column":18}},"9":{"start":{"line":10,"column":0},"end":{"line":10,"column":13}},"10":{"start":{"line":11,"column":0},"end":{"line":11,"column":19}},"11":{"start":{"line":12,"column":0},"end":{"line":12,"column":21}},"12":{"start":{"line":13,"column":0},"end":{"line":13,"column":2}}},"s":{"0":0,"1":0,"2":0,"3":0,"4":0,"6":0,"7":0,"8":0,"9":0,"10":0,"11":0,"12":0},"branchMap":{"0":{"type":"branch","line":1,"loc":{"start":{"line":1,"column":285},"end":{"line":13,"column":-244}},"locations":[{"start":{"line":1,"column":285},"end":{"line":13,"column":-244}}]}},"b":{"0":[0]},"fnMap":{"0":{"name":"(empty-report)","decl":{"start":{"line":1,"column":285},"end":{"line":13,"column":-244}},"loc":{"start":{"line":1,"column":285},"end":{"line":13,"column":-244}},"line":1}},"f":{"0":0}}
,"C:\\Users\\Youssef\\.vscode\\projetApplicationWeb\\frontend\\src\\components\\Navbar.jsx": {"path":"C:\\Users\\Youssef\\.vscode\\projetApplicationWeb\\frontend\\src\\components\\Navbar.jsx","all":false,"statementMap":{"0":{"start":{"line":1,"column":0},"end":{"line":1,"column":52}},"1":{"start":{"line":2,"column":0},"end":{"line":2,"column":53}},"2":{"start":{"line":3,"column":0},"end":{"line":3,"column":53}},"3":{"start":{"line":4,"column":0},"end":{"line":4,"column":39}},"5":{"start":{"line":6,"column":0},"end":{"line":6,"column":19}},"6":{"start":{"line":7,"column":0},"end":{"line":7,"column":57}},"7":{"start":{"line":8,"column":0},"end":{"line":8,"column":33}},"8":{"start":{"line":9,"column":0},"end":{"line":9,"column":66}},"10":{"start":{"line":11,"column":0},"end":{"line":11,"column":30}},"11":{"start":{"line":12,"column":0},"end":{"line":12,"column":13}},"12":{"start":{"line":13,"column":0},"end":{"line":13,"column":23}},"13":{"start":{"line":14,"column":0},"end":{"line":14,"column":31}},"14":{"start":{"line":15,"column":0},"end":{"line":15,"column":4}},"16":{"start":{"line":17,"column":0},"end":{"line":17,"column":59}},"19":{"start":{"line":20,"column":0},"end":{"line":20,"column":68}},"20":{"start":{"line":21,"column":0},"end":{"line":21,"column":76}},"21":{"start":{"line":22,"column":0},"end":{"line":22,"column":64}},"22":{"start":{"line":23,"column":0},"end":{"line":23,"column":8}},"23":{"start":{"line":24,"column":0},"end":{"line":24,"column":14}},"24":{"start":{"line":25,"column":0},"end":{"line":25,"column":113}},"25":{"start":{"line":26,"column":0},"end":{"line":26,"column":67}},"26":{"start":{"line":27,"column":0},"end":{"line":27,"column":7}},"28":{"start":{"line":29,"column":0},"end":{"line":29,"column":13}},"29":{"start":{"line":30,"column":0},"end":{"line":30,"column":14}},"30":{"start":{"line":31,"column":0},"end":{"line":31,"column":62}},"31":{"start":{"line":32,"column":0},"end":{"line":32,"column":20}},"32":{"start":{"line":33,"column":0},"end":{"line":33,"column":15}},"34":{"start":{"line":35,"column":0},"end":{"line":35,"column":5}},"35":{"start":{"line":36,"column":0},"end":{"line":36,"column":12}},"36":{"start":{"line":37,"column":0},"end":{"line":37,"column":54}},"37":{"start":{"line":38,"column":0},"end":{"line":38,"column":18}},"38":{"start":{"line":39,"column":0},"end":{"line":39,"column":15}},"40":{"start":{"line":41,"column":0},"end":{"line":41,"column":4}},"42":{"start":{"line":43,"column":0},"end":{"line":43,"column":10}},"43":{"start":{"line":44,"column":0},"end":{"line":44,"column":129}},"44":{"start":{"line":45,"column":0},"end":{"line":45,"column":62}},"45":{"start":{"line":46,"column":0},"end":{"line":46,"column":64}},"46":{"start":{"line":47,"column":0},"end":{"line":47,"column":15}},"47":{"start":{"line":48,"column":0},"end":{"line":48,"column":18}},"48":{"start":{"line":49,"column":0},"end":{"line":49,"column":51}},"49":{"start":{"line":50,"column":0},"end":{"line":50,"column":37}},"51":{"start":{"line":52,"column":0},"end":{"line":52,"column":137}},"52":{"start":{"line":53,"column":0},"end":{"line":53,"column":69}},"53":{"start":{"line":54,"column":0},"end":{"line":54,"column":18}},"54":{"start":{"line":55,"column":0},"end":{"line":55,"column":72}},"55":{"start":{"line":56,"column":0},"end":{"line":56,"column":17}},"57":{"start":{"line":58,"column":0},"end":{"line":58,"column":65}},"58":{"start":{"line":59,"column":0},"end":{"line":59,"column":47}},"60":{"start":{"line":61,"column":0},"end":{"line":61,"column":28}},"61":{"start":{"line":62,"column":0},"end":{"line":62,"column":16}},"62":{"start":{"line":63,"column":0},"end":{"line":63,"column":58}},"63":{"start":{"line":64,"column":0},"end":{"line":64,"column":50}},"65":{"start":{"line":66,"column":0},"end":{"line":66,"column":27}},"66":{"start":{"line":67,"column":0},"end":{"line":67,"column":17}},"68":{"start":{"line":69,"column":0},"end":{"line":69,"column":16}},"69":{"start":{"line":70,"column":0},"end":{"line":70,"column":57}},"70":{"start":{"line":71,"column":0},"end":{"line":71,"column":56}},"71":{"start":{"line":72,"column":0},"end":{"line":72,"column":60}},"72":{"start":{"line":73,"column":0},"end":{"line":73,"column":71}},"73":{"start":{"line":74,"column":0},"end":{"line":74,"column":17}},"75":{"start":{"line":76,"column":0},"end":{"line":76,"column":16}},"77":{"start":{"line":78,"column":0},"end":{"line":78,"column":37}},"78":{"start":{"line":79,"column":0},"end":{"line":79,"column":19}},"79":{"start":{"line":80,"column":0},"end":{"line":80,"column":68}},"80":{"start":{"line":81,"column":0},"end":{"line":81,"column":107}},"82":{"start":{"line":83,"column":0},"end":{"line":83,"column":35}},"83":{"start":{"line":84,"column":0},"end":{"line":84,"column":56}},"85":{"start":{"line":86,"column":0},"end":{"line":86,"column":59}},"87":{"start":{"line":88,"column":0},"end":{"line":88,"column":21}},"88":{"start":{"line":89,"column":0},"end":{"line":89,"column":16}},"89":{"start":{"line":90,"column":0},"end":{"line":90,"column":14}},"91":{"start":{"line":92,"column":0},"end":{"line":92,"column":30}},"92":{"start":{"line":93,"column":0},"end":{"line":93,"column":92}},"93":{"start":{"line":94,"column":0},"end":{"line":94,"column":54}},"94":{"start":{"line":95,"column":0},"end":{"line":95,"column":63}},"96":{"start":{"line":97,"column":0},"end":{"line":97,"column":25}},"98":{"start":{"line":99,"column":0},"end":{"line":99,"column":30}},"99":{"start":{"line":100,"column":0},"end":{"line":100,"column":18}},"100":{"start":{"line":101,"column":0},"end":{"line":101,"column":72}},"102":{"start":{"line":103,"column":0},"end":{"line":103,"column":29}},"103":{"start":{"line":104,"column":0},"end":{"line":104,"column":27}},"104":{"start":{"line":105,"column":0},"end":{"line":105,"column":34}},"105":{"start":{"line":106,"column":0},"end":{"line":106,"column":25}},"106":{"start":{"line":107,"column":0},"end":{"line":107,"column":28}},"107":{"start":{"line":108,"column":0},"end":{"line":108,"column":45}},"108":{"start":{"line":109,"column":0},"end":{"line":109,"column":19}},"110":{"start":{"line":111,"column":0},"end":{"line":111,"column":29}},"111":{"start":{"line":112,"column":0},"end":{"line":112,"column":19}},"113":{"start":{"line":114,"column":0},"end":{"line":114,"column":18}},"114":{"start":{"line":115,"column":0},"end":{"line":115,"column":74}},"116":{"start":{"line":117,"column":0},"end":{"line":117,"column":29}},"117":{"start":{"line":118,"column":0},"end":{"line":118,"column":57}},"119":{"start":{"line":120,"column":0},"end":{"line":120,"column":29}},"120":{"start":{"line":121,"column":0},"end":{"line":121,"column":19}},"122":{"start":{"line":123,"column":0},"end":{"line":123,"column":18}},"123":{"start":{"line":124,"column":0},"end":{"line":124,"column":16}},"125":{"start":{"line":126,"column":0},"end":{"line":126,"column":12}},"126":{"start":{"line":127,"column":0},"end":{"line":127,"column":10}},"128":{"start":{"line":129,"column":0},"end":{"line":129,"column":1}},"130":{"start":{"line":131,"column":0},"end":{"line":131,"column":22}}},"s":{"0":1,"1":1,"2":1,"3":1,"5":6,"6":6,"7":6,"8":6,"10":6,"11":1,"12":1,"13":1,"14":1,"16":6,"19":6,"20":31,"21":31,"22":31,"23":31,"24":1,"25":30,"26":31,"28":31,"29":25,"30":25,"31":25,"32":25,"34":25,"35":6,"36":6,"37":6,"38":6,"40":31,"42":6,"43":6,"44":6,"45":6,"46":6,"47":6,"48":6,"49":6,"51":6,"52":6,"53":6,"54":6,"55":6,"57":6,"58":6,"60":6,"61":1,"62":1,"63":1,"65":1,"66":1,"68":5,"69":5,"70":5,"71":5,"72":5,"73":5,"75":6,"77":6,"78":6,"79":6,"80":6,"82":6,"83":1,"85":5,"87":6,"88":6,"89":6,"91":6,"92":1,"93":1,"94":1,"96":1,"98":1,"99":0,"100":0,"102":0,"103":0,"104":0,"105":0,"106":0,"107":0,"108":0,"110":0,"111":0,"113":1,"114":1,"116":1,"117":1,"119":1,"120":1,"122":1,"123":1,"125":6,"126":6,"128":6,"130":1},"branchMap":{"0":{"type":"branch","line":6,"loc":{"start":{"line":6,"column":0},"end":{"line":129,"column":1}},"locations":[{"start":{"line":6,"column":0},"end":{"line":129,"column":1}}]},"1":{"type":"branch","line":61,"loc":{"start":{"line":61,"column":14},"end":{"line":67,"column":17}},"locations":[{"start":{"line":61,"column":14},"end":{"line":67,"column":17}}]},"2":{"type":"branch","line":67,"loc":{"start":{"line":67,"column":14},"end":{"line":74,"column":17}},"locations":[{"start":{"line":67,"column":14},"end":{"line":74,"column":17}}]},"3":{"type":"branch","line":83,"loc":{"start":{"line":83,"column":15},"end":{"line":84,"column":56}},"locations":[{"start":{"line":83,"column":15},"end":{"line":84,"column":56}}]},"4":{"type":"branch","line":84,"loc":{"start":{"line":84,"column":54},"end":{"line":86,"column":59}},"locations":[{"start":{"line":84,"column":54},"end":{"line":86,"column":59}}]},"5":{"type":"branch","line":92,"loc":{"start":{"line":92,"column":9},"end":{"line":124,"column":16}},"locations":[{"start":{"line":92,"column":9},"end":{"line":124,"column":16}}]},"6":{"type":"branch","line":99,"loc":{"start":{"line":99,"column":16},"end":{"line":112,"column":19}},"locations":[{"start":{"line":99,"column":16},"end":{"line":112,"column":19}}]},"7":{"type":"branch","line":11,"loc":{"start":{"line":11,"column":23},"end":{"line":15,"column":4}},"locations":[{"start":{"line":11,"column":23},"end":{"line":15,"column":4}}]},"8":{"type":"branch","line":17,"loc":{"start":{"line":17,"column":26},"end":{"line":17,"column":59}},"locations":[{"start":{"line":17,"column":26},"end":{"line":17,"column":59}}]},"9":{"type":"branch","line":20,"loc":{"start":{"line":20,"column":19},"end":{"line":41,"column":4}},"locations":[{"start":{"line":20,"column":19},"end":{"line":41,"column":4}}]},"10":{"type":"branch","line":22,"loc":{"start":{"line":22,"column":6},"end":{"line":22,"column":53}},"locations":[{"start":{"line":22,"column":6},"end":{"line":22,"column":53}}]},"11":{"type":"branch","line":22,"loc":{"start":{"line":22,"column":14},"end":{"line":22,"column":64}},"locations":[{"start":{"line":22,"column":14},"end":{"line":22,"column":64}}]},"12":{"type":"branch","line":24,"loc":{"start":{"line":24,"column":6},"end":{"line":25,"column":113}},"locations":[{"start":{"line":24,"column":6},"end":{"line":25,"column":113}}]},"13":{"type":"branch","line":25,"loc":{"start":{"line":25,"column":10},"end":{"line":26,"column":67}},"locations":[{"start":{"line":25,"column":10},"end":{"line":26,"column":67}}]},"14":{"type":"branch","line":29,"loc":{"start":{"line":29,"column":12},"end":{"line":35,"column":5}},"locations":[{"start":{"line":29,"column":12},"end":{"line":35,"column":5}}]},"15":{"type":"branch","line":35,"loc":{"start":{"line":35,"column":4},"end":{"line":39,"column":15}},"locations":[{"start":{"line":35,"column":4},"end":{"line":39,"column":15}}]},"16":{"type":"branch","line":80,"loc":{"start":{"line":80,"column":23},"end":{"line":80,"column":68}},"locations":[{"start":{"line":80,"column":23},"end":{"line":80,"column":68}}]}},"b":{"0":[6],"1":[1],"2":[5],"3":[1],"4":[5],"5":[1],"6":[0],"7":[1],"8":[1],"9":[31],"10":[3],"11":[28],"12":[1],"13":[30],"14":[25],"15":[6],"16":[1]},"fnMap":{"0":{"name":"Navbar","decl":{"start":{"line":6,"column":0},"end":{"line":129,"column":1}},"loc":{"start":{"line":6,"column":0},"end":{"line":129,"column":1}},"line":6},"1":{"name":"handleLogout","decl":{"start":{"line":11,"column":23},"end":{"line":15,"column":4}},"loc":{"start":{"line":11,"column":23},"end":{"line":15,"column":4}},"line":11},"2":{"name":"closeMobileMenu","decl":{"start":{"line":17,"column":26},"end":{"line":17,"column":59}},"loc":{"start":{"line":17,"column":26},"end":{"line":17,"column":59}},"line":17},"3":{"name":"MenuItem","decl":{"start":{"line":20,"column":19},"end":{"line":41,"column":4}},"loc":{"start":{"line":20,"column":19},"end":{"line":41,"column":4}},"line":20},"4":{"name":"onClick","decl":{"start":{"line":80,"column":23},"end":{"line":80,"column":68}},"loc":{"start":{"line":80,"column":23},"end":{"line":80,"column":68}},"line":80}},"f":{"0":6,"1":1,"2":1,"3":31,"4":1}}
,"C:\\Users\\Youssef\\.vscode\\projetApplicationWeb\\frontend\\src\\components\\acessGuard\\AccessGuard.jsx": {"path":"C:\\Users\\Youssef\\.vscode\\projetApplicationWeb\\frontend\\src\\components\\acessGuard\\AccessGuard.jsx","all":false,"statementMap":{"0":{"start":{"line":1,"column":0},"end":{"line":1,"column":26}},"1":{"start":{"line":2,"column":0},"end":{"line":2,"column":36}},"2":{"start":{"line":3,"column":0},"end":{"line":3,"column":36}},"4":{"start":{"line":5,"column":0},"end":{"line":5,"column":79}},"5":{"start":{"line":6,"column":0},"end":{"line":6,"column":14}},"6":{"start":{"line":7,"column":0},"end":{"line":7,"column":12}},"7":{"start":{"line":8,"column":0},"end":{"line":8,"column":16}},"8":{"start":{"line":9,"column":0},"end":{"line":9,"column":41}},"9":{"start":{"line":10,"column":0},"end":{"line":10,"column":22}},"10":{"start":{"line":11,"column":0},"end":{"line":11,"column":23}},"12":{"start":{"line":13,"column":0},"end":{"line":13,"column":15}},"13":{"start":{"line":14,"column":0},"end":{"line":14,"column":50}},"14":{"start":{"line":15,"column":0},"end":{"line":15,"column":126}},"15":{"start":{"line":16,"column":0},"end":{"line":16,"column":9}},"17":{"start":{"line":18,"column":0},"end":{"line":18,"column":17}},"18":{"start":{"line":19,"column":0},"end":{"line":19,"column":18}},"20":{"start":{"line":21,"column":0},"end":{"line":21,"column":3}},"22":{"start":{"line":23,"column":0},"end":{"line":23,"column":20}},"23":{"start":{"line":24,"column":0},"end":{"line":24,"column":12}},"24":{"start":{"line":25,"column":0},"end":{"line":25,"column":16}},"25":{"start":{"line":26,"column":0},"end":{"line":26,"column":41}},"26":{"start":{"line":27,"column":0},"end":{"line":27,"column":34}},"27":{"start":{"line":28,"column":0},"end":{"line":28,"column":69}},"28":{"start":{"line":29,"column":0},"end":{"line":29,"column":8}},"30":{"start":{"line":31,"column":0},"end":{"line":31,"column":3}},"32":{"start":{"line":33,"column":0},"end":{"line":33,"column":16}},"33":{"start":{"line":34,"column":0},"end":{"line":34,"column":12}},"34":{"start":{"line":35,"column":0},"end":{"line":35,"column":17}},"35":{"start":{"line":36,"column":0},"end":{"line":36,"column":107}},"36":{"start":{"line":37,"column":0},"end":{"line":37,"column":52}},"37":{"start":{"line":38,"column":0},"end":{"line":38,"column":18}},"39":{"start":{"line":40,"column":0},"end":{"line":40,"column":3}},"41":{"start":{"line":42,"column":0},"end":{"line":42,"column":18}},"42":{"start":{"line":43,"column":0},"end":{"line":43,"column":1}}},"s":{"0":1,"1":1,"2":1,"4":7,"5":7,"6":2,"7":2,"8":2,"9":2,"10":2,"12":2,"13":2,"14":2,"15":2,"17":2,"18":2,"20":2,"22":7,"23":1,"24":1,"25":1,"26":1,"27":1,"28":1,"30":1,"32":7,"33":1,"34":1,"35":1,"36":1,"37":1,"39":1,"41":3,"42":3},"branchMap":{"0":{"type":"branch","line":5,"loc":{"start":{"line":5,"column":0},"end":{"line":43,"column":1}},"locations":[{"start":{"line":5,"column":0},"end":{"line":43,"column":1}}]},"1":{"type":"branch","line":6,"loc":{"start":{"line":6,"column":13},"end":{"line":21,"column":3}},"locations":[{"start":{"line":6,"column":13},"end":{"line":21,"column":3}}]},"2":{"type":"branch","line":21,"loc":{"start":{"line":21,"column":2},"end":{"line":23,"column":19}},"locations":[{"start":{"line":21,"column":2},"end":{"line":23,"column":19}}]},"3":{"type":"branch","line":23,"loc":{"start":{"line":23,"column":19},"end":{"line":31,"column":3}},"locations":[{"start":{"line":23,"column":19},"end":{"line":31,"column":3}}]},"4":{"type":"branch","line":31,"loc":{"start":{"line":31,"column":2},"end":{"line":33,"column":15}},"locations":[{"start":{"line":31,"column":2},"end":{"line":33,"column":15}}]},"5":{"type":"branch","line":33,"loc":{"start":{"line":33,"column":15},"end":{"line":43,"column":1}},"locations":[{"start":{"line":33,"column":15},"end":{"line":43,"column":1}}]},"6":{"type":"branch","line":33,"loc":{"start":{"line":33,"column":15},"end":{"line":40,"column":3}},"locations":[{"start":{"line":33,"column":15},"end":{"line":40,"column":3}}]},"7":{"type":"branch","line":14,"loc":{"start":{"line":14,"column":19},"end":{"line":14,"column":50}},"locations":[{"start":{"line":14,"column":19},"end":{"line":14,"column":50}}]}},"b":{"0":[7],"1":[2],"2":[5],"3":[1],"4":[4],"5":[3],"6":[1],"7":[1]},"fnMap":{"0":{"name":"AccessGuard","decl":{"start":{"line":5,"column":0},"end":{"line":43,"column":1}},"loc":{"start":{"line":5,"column":0},"end":{"line":43,"column":1}},"line":5},"1":{"name":"onClick","decl":{"start":{"line":14,"column":19},"end":{"line":14,"column":50}},"loc":{"start":{"line":14,"column":19},"end":{"line":14,"column":50}},"line":14}},"f":{"0":7,"1":1}}
,"C:\\Users\\Youssef\\.vscode\\projetApplicationWeb\\frontend\\src\\components\\acessGuard\\GuardCard.jsx": {"path":"C:\\Users\\Youssef\\.vscode\\projetApplicationWeb\\frontend\\src\\components\\acessGuard\\GuardCard.jsx","all":false,"statementMap":{"0":{"start":{"line":1,"column":0},"end":{"line":1,"column":56}},"1":{"start":{"line":2,"column":0},"end":{"line":2,"column":10}},"2":{"start":{"line":3,"column":0},"end":{"line":3,"column":115}},"3":{"start":{"line":4,"column":0},"end":{"line":4,"column":86}},"4":{"start":{"line":5,"column":0},"end":{"line":5,"column":18}},"5":{"start":{"line":6,"column":0},"end":{"line":6,"column":107}},"6":{"start":{"line":7,"column":0},"end":{"line":7,"column":18}},"7":{"start":{"line":8,"column":0},"end":{"line":8,"column":16}},"10":{"start":{"line":11,"column":0},"end":{"line":11,"column":19}},"11":{"start":{"line":12,"column":0},"end":{"line":12,"column":75}},"13":{"start":{"line":14,"column":0},"end":{"line":14,"column":68}},"15":{"start":{"line":16,"column":0},"end":{"line":16,"column":18}},"16":{"start":{"line":17,"column":0},"end":{"line":17,"column":12}},"17":{"start":{"line":18,"column":0},"end":{"line":18,"column":10}},"19":{"start":{"line":20,"column":0},"end":{"line":20,"column":1}},"20":{"start":{"line":21,"column":0},"end":{"line":21,"column":25}}},"s":{"0":4,"1":4,"2":4,"3":4,"4":4,"5":1,"6":1,"7":1,"10":4,"11":1,"13":4,"15":4,"16":4,"17":4,"19":4,"20":1},"branchMap":{"0":{"type":"branch","line":1,"loc":{"start":{"line":1,"column":0},"end":{"line":20,"column":1}},"locations":[{"start":{"line":1,"column":0},"end":{"line":20,"column":1}}]},"1":{"type":"branch","line":5,"loc":{"start":{"line":5,"column":9},"end":{"line":8,"column":16}},"locations":[{"start":{"line":5,"column":9},"end":{"line":8,"column":16}}]},"2":{"type":"branch","line":11,"loc":{"start":{"line":11,"column":9},"end":{"line":12,"column":75}},"locations":[{"start":{"line":11,"column":9},"end":{"line":12,"column":75}}]},"3":{"type":"branch","line":14,"loc":{"start":{"line":14,"column":9},"end":{"line":14,"column":68}},"locations":[{"start":{"line":14,"column":9},"end":{"line":14,"column":68}}]}},"b":{"0":[4],"1":[1],"2":[1],"3":[1]},"fnMap":{"0":{"name":"GuardCard","decl":{"start":{"line":1,"column":0},"end":{"line":20,"column":1}},"loc":{"start":{"line":1,"column":0},"end":{"line":20,"column":1}},"line":1}},"f":{"0":4}}
,"C:\\Users\\Youssef\\.vscode\\projetApplicationWeb\\frontend\\src\\components\\acessGuard\\GuardIcon.jsx": {"path":"C:\\Users\\Youssef\\.vscode\\projetApplicationWeb\\frontend\\src\\components\\acessGuard\\GuardIcon.jsx","all":false,"statementMap":{"0":{"start":{"line":1,"column":0},"end":{"line":1,"column":40}},"2":{"start":{"line":3,"column":0},"end":{"line":3,"column":45}},"3":{"start":{"line":4,"column":0},"end":{"line":4,"column":12}},"5":{"start":{"line":6,"column":0},"end":{"line":6,"column":17}},"6":{"start":{"line":7,"column":0},"end":{"line":7,"column":17}},"7":{"start":{"line":8,"column":0},"end":{"line":8,"column":66}},"8":{"start":{"line":9,"column":0},"end":{"line":9,"column":12}},"9":{"start":{"line":10,"column":0},"end":{"line":10,"column":24}},"10":{"start":{"line":11,"column":0},"end":{"line":11,"column":13}},"11":{"start":{"line":12,"column":0},"end":{"line":12,"column":111}},"12":{"start":{"line":13,"column":0},"end":{"line":13,"column":12}},"13":{"start":{"line":14,"column":0},"end":{"line":14,"column":12}},"14":{"start":{"line":15,"column":0},"end":{"line":15,"column":17}},"15":{"start":{"line":16,"column":0},"end":{"line":16,"column":3}},"17":{"start":{"line":18,"column":0},"end":{"line":18,"column":68}},"18":{"start":{"line":19,"column":0},"end":{"line":19,"column":1}}},"s":{"0":1,"2":3,"3":3,"5":3,"6":3,"7":1,"8":1,"9":3,"10":1,"11":1,"12":1,"13":3,"14":1,"15":3,"17":3,"18":3},"branchMap":{"0":{"type":"branch","line":3,"loc":{"start":{"line":3,"column":0},"end":{"line":19,"column":1}},"locations":[{"start":{"line":3,"column":0},"end":{"line":19,"column":1}}]},"1":{"type":"branch","line":7,"loc":{"start":{"line":7,"column":4},"end":{"line":9,"column":12}},"locations":[{"start":{"line":7,"column":4},"end":{"line":9,"column":12}}]},"2":{"type":"branch","line":10,"loc":{"start":{"line":10,"column":4},"end":{"line":13,"column":12}},"locations":[{"start":{"line":10,"column":4},"end":{"line":13,"column":12}}]},"3":{"type":"branch","line":14,"loc":{"start":{"line":14,"column":4},"end":{"line":15,"column":17}},"locations":[{"start":{"line":14,"column":4},"end":{"line":15,"column":17}}]}},"b":{"0":[3],"1":[1],"2":[1],"3":[1]},"fnMap":{"0":{"name":"GuardIcon","decl":{"start":{"line":3,"column":0},"end":{"line":19,"column":1}},"loc":{"start":{"line":3,"column":0},"end":{"line":19,"column":1}},"line":3}},"f":{"0":3}}
,"C:\\Users\\Youssef\\.vscode\\projetApplicationWeb\\frontend\\src\\components\\addArticle\\AddArticle.jsx": {"path":"C:\\Users\\Youssef\\.vscode\\projetApplicationWeb\\frontend\\src\\components\\addArticle\\AddArticle.jsx","all":false,"statementMap":{"0":{"start":{"line":1,"column":0},"end":{"line":1,"column":52}},"1":{"start":{"line":2,"column":0},"end":{"line":2,"column":56}},"2":{"start":{"line":3,"column":0},"end":{"line":3,"column":47}},"4":{"start":{"line":5,"column":0},"end":{"line":5,"column":23}},"5":{"start":{"line":6,"column":0},"end":{"line":6,"column":37}},"6":{"start":{"line":7,"column":0},"end":{"line":7,"column":53}},"7":{"start":{"line":8,"column":0},"end":{"line":8,"column":39}},"8":{"start":{"line":9,"column":0},"end":{"line":9,"column":39}},"9":{"start":{"line":10,"column":0},"end":{"line":10,"column":56}},"10":{"start":{"line":11,"column":0},"end":{"line":11,"column":60}},"11":{"start":{"line":12,"column":0},"end":{"line":12,"column":53}},"12":{"start":{"line":13,"column":0},"end":{"line":13,"column":53}},"13":{"start":{"line":14,"column":0},"end":{"line":14,"column":59}},"14":{"start":{"line":15,"column":0},"end":{"line":15,"column":54}},"15":{"start":{"line":16,"column":0},"end":{"line":16,"column":41}},"16":{"start":{"line":17,"column":0},"end":{"line":17,"column":51}},"18":{"start":{"line":19,"column":0},"end":{"line":19,"column":56}},"19":{"start":{"line":20,"column":0},"end":{"line":20,"column":33}},"21":{"start":{"line":22,"column":0},"end":{"line":22,"column":37}},"22":{"start":{"line":23,"column":0},"end":{"line":23,"column":23}},"23":{"start":{"line":24,"column":0},"end":{"line":24,"column":17}},"25":{"start":{"line":26,"column":0},"end":{"line":26,"column":32}},"26":{"start":{"line":27,"column":0},"end":{"line":27,"column":44}},"27":{"start":{"line":28,"column":0},"end":{"line":28,"column":13}},"28":{"start":{"line":29,"column":0},"end":{"line":29,"column":5}},"30":{"start":{"line":31,"column":0},"end":{"line":31,"column":49}},"31":{"start":{"line":32,"column":0},"end":{"line":32,"column":53}},"32":{"start":{"line":33,"column":0},"end":{"line":33,"column":13}},"33":{"start":{"line":34,"column":0},"end":{"line":34,"column":5}},"35":{"start":{"line":36,"column":0},"end":{"line":36,"column":33}},"36":{"start":{"line":37,"column":0},"end":{"line":37,"column":48}},"37":{"start":{"line":38,"column":0},"end":{"line":38,"column":55}},"38":{"start":{"line":39,"column":0},"end":{"line":39,"column":13}},"39":{"start":{"line":40,"column":0},"end":{"line":40,"column":5}},"41":{"start":{"line":42,"column":0},"end":{"line":42,"column":22}},"42":{"start":{"line":43,"column":0},"end":{"line":43,"column":25}},"43":{"start":{"line":44,"column":0},"end":{"line":44,"column":70}},"44":{"start":{"line":45,"column":0},"end":{"line":45,"column":15}},"45":{"start":{"line":46,"column":0},"end":{"line":46,"column":7}},"46":{"start":{"line":47,"column":0},"end":{"line":47,"column":49}},"47":{"start":{"line":48,"column":0},"end":{"line":48,"column":64}},"48":{"start":{"line":49,"column":0},"end":{"line":49,"column":68}},"49":{"start":{"line":50,"column":0},"end":{"line":50,"column":15}},"50":{"start":{"line":51,"column":0},"end":{"line":51,"column":7}},"52":{"start":{"line":53,"column":0},"end":{"line":53,"column":25}},"53":{"start":{"line":54,"column":0},"end":{"line":54,"column":66}},"54":{"start":{"line":55,"column":0},"end":{"line":55,"column":15}},"55":{"start":{"line":56,"column":0},"end":{"line":56,"column":7}},"56":{"start":{"line":57,"column":0},"end":{"line":57,"column":5}},"58":{"start":{"line":59,"column":0},"end":{"line":59,"column":45}},"59":{"start":{"line":60,"column":0},"end":{"line":60,"column":41}},"60":{"start":{"line":61,"column":0},"end":{"line":61,"column":71}},"61":{"start":{"line":62,"column":0},"end":{"line":62,"column":13}},"62":{"start":{"line":63,"column":0},"end":{"line":63,"column":5}},"64":{"start":{"line":65,"column":0},"end":{"line":65,"column":24}},"66":{"start":{"line":67,"column":0},"end":{"line":67,"column":9}},"67":{"start":{"line":68,"column":0},"end":{"line":68,"column":38}},"68":{"start":{"line":69,"column":0},"end":{"line":69,"column":34}},"69":{"start":{"line":70,"column":0},"end":{"line":70,"column":50}},"70":{"start":{"line":71,"column":0},"end":{"line":71,"column":39}},"71":{"start":{"line":72,"column":0},"end":{"line":72,"column":36}},"72":{"start":{"line":73,"column":0},"end":{"line":73,"column":42}},"73":{"start":{"line":74,"column":0},"end":{"line":74,"column":46}},"74":{"start":{"line":75,"column":0},"end":{"line":75,"column":77}},"75":{"start":{"line":76,"column":0},"end":{"line":76,"column":71}},"76":{"start":{"line":77,"column":0},"end":{"line":77,"column":66}},"77":{"start":{"line":78,"column":0},"end":{"line":78,"column":57}},"79":{"start":{"line":80,"column":0},"end":{"line":80,"column":35}},"80":{"start":{"line":81,"column":0},"end":{"line":81,"column":72}},"81":{"start":{"line":82,"column":0},"end":{"line":82,"column":9}},"82":{"start":{"line":83,"column":0},"end":{"line":83,"column":25}},"83":{"start":{"line":84,"column":0},"end":{"line":84,"column":56}},"84":{"start":{"line":85,"column":0},"end":{"line":85,"column":25}},"85":{"start":{"line":86,"column":0},"end":{"line":86,"column":9}},"86":{"start":{"line":87,"column":0},"end":{"line":87,"column":8}},"88":{"start":{"line":89,"column":0},"end":{"line":89,"column":69}},"89":{"start":{"line":90,"column":0},"end":{"line":90,"column":44}},"90":{"start":{"line":91,"column":0},"end":{"line":91,"column":59}},"91":{"start":{"line":92,"column":0},"end":{"line":92,"column":29}},"92":{"start":{"line":93,"column":0},"end":{"line":93,"column":15}},"94":{"start":{"line":95,"column":0},"end":{"line":95,"column":25}},"95":{"start":{"line":96,"column":0},"end":{"line":96,"column":72}},"96":{"start":{"line":97,"column":0},"end":{"line":97,"column":29}},"97":{"start":{"line":98,"column":0},"end":{"line":98,"column":7}},"99":{"start":{"line":100,"column":0},"end":{"line":100,"column":17}},"100":{"start":{"line":101,"column":0},"end":{"line":101,"column":25}},"101":{"start":{"line":102,"column":0},"end":{"line":102,"column":18}},"102":{"start":{"line":103,"column":0},"end":{"line":103,"column":18}},"103":{"start":{"line":104,"column":0},"end":{"line":104,"column":28}},"104":{"start":{"line":105,"column":0},"end":{"line":105,"column":25}},"105":{"start":{"line":106,"column":0},"end":{"line":106,"column":25}},"106":{"start":{"line":107,"column":0},"end":{"line":107,"column":28}},"107":{"start":{"line":108,"column":0},"end":{"line":108,"column":30}},"108":{"start":{"line":109,"column":0},"end":{"line":109,"column":25}},"110":{"start":{"line":111,"column":0},"end":{"line":111,"column":27}},"111":{"start":{"line":112,"column":0},"end":{"line":112,"column":19}},"112":{"start":{"line":113,"column":0},"end":{"line":113,"column":25}},"113":{"start":{"line":114,"column":0},"end":{"line":114,"column":73}},"114":{"start":{"line":115,"column":0},"end":{"line":115,"column":15}},"115":{"start":{"line":116,"column":0},"end":{"line":116,"column":27}},"116":{"start":{"line":117,"column":0},"end":{"line":117,"column":5}},"117":{"start":{"line":118,"column":0},"end":{"line":118,"column":4}},"119":{"start":{"line":120,"column":0},"end":{"line":120,"column":20}},"120":{"start":{"line":121,"column":0},"end":{"line":121,"column":12}},"121":{"start":{"line":122,"column":0},"end":{"line":122,"column":74}},"122":{"start":{"line":123,"column":0},"end":{"line":123,"column":88}},"123":{"start":{"line":124,"column":0},"end":{"line":124,"column":86}},"124":{"start":{"line":125,"column":0},"end":{"line":125,"column":92}},"125":{"start":{"line":126,"column":0},"end":{"line":126,"column":14}},"126":{"start":{"line":127,"column":0},"end":{"line":127,"column":12}},"128":{"start":{"line":129,"column":0},"end":{"line":129,"column":3}},"130":{"start":{"line":131,"column":0},"end":{"line":131,"column":10}},"131":{"start":{"line":132,"column":0},"end":{"line":132,"column":84}},"132":{"start":{"line":133,"column":0},"end":{"line":133,"column":11}},"133":{"start":{"line":134,"column":0},"end":{"line":134,"column":31}},"134":{"start":{"line":135,"column":0},"end":{"line":135,"column":80}},"136":{"start":{"line":137,"column":0},"end":{"line":137,"column":78}},"138":{"start":{"line":139,"column":0},"end":{"line":139,"column":13}},"140":{"start":{"line":141,"column":0},"end":{"line":141,"column":19}},"141":{"start":{"line":142,"column":0},"end":{"line":142,"column":76}},"144":{"start":{"line":145,"column":0},"end":{"line":145,"column":14}},"145":{"start":{"line":146,"column":0},"end":{"line":146,"column":21}},"146":{"start":{"line":147,"column":0},"end":{"line":147,"column":27}},"147":{"start":{"line":148,"column":0},"end":{"line":148,"column":21}},"148":{"start":{"line":149,"column":0},"end":{"line":149,"column":50}},"149":{"start":{"line":150,"column":0},"end":{"line":150,"column":118}},"150":{"start":{"line":151,"column":0},"end":{"line":151,"column":10}},"152":{"start":{"line":153,"column":0},"end":{"line":153,"column":17}},"153":{"start":{"line":154,"column":0},"end":{"line":154,"column":35}},"154":{"start":{"line":155,"column":0},"end":{"line":155,"column":29}},"155":{"start":{"line":156,"column":0},"end":{"line":156,"column":58}},"156":{"start":{"line":157,"column":0},"end":{"line":157,"column":135}},"157":{"start":{"line":158,"column":0},"end":{"line":158,"column":10}},"159":{"start":{"line":160,"column":0},"end":{"line":160,"column":33}},"160":{"start":{"line":161,"column":0},"end":{"line":161,"column":16}},"161":{"start":{"line":162,"column":0},"end":{"line":162,"column":23}},"162":{"start":{"line":163,"column":0},"end":{"line":163,"column":28}},"163":{"start":{"line":164,"column":0},"end":{"line":164,"column":61}},"164":{"start":{"line":165,"column":0},"end":{"line":165,"column":41}},"165":{"start":{"line":166,"column":0},"end":{"line":166,"column":12}},"166":{"start":{"line":167,"column":0},"end":{"line":167,"column":16}},"168":{"start":{"line":169,"column":0},"end":{"line":169,"column":14}},"169":{"start":{"line":170,"column":0},"end":{"line":170,"column":23}},"170":{"start":{"line":171,"column":0},"end":{"line":171,"column":28}},"171":{"start":{"line":172,"column":0},"end":{"line":172,"column":22}},"172":{"start":{"line":173,"column":0},"end":{"line":173,"column":51}},"173":{"start":{"line":174,"column":0},"end":{"line":174,"column":118}},"174":{"start":{"line":175,"column":0},"end":{"line":175,"column":10}},"176":{"start":{"line":177,"column":0},"end":{"line":177,"column":15}},"177":{"start":{"line":178,"column":0},"end":{"line":178,"column":22}},"178":{"start":{"line":179,"column":0},"end":{"line":179,"column":51}},"179":{"start":{"line":180,"column":0},"end":{"line":180,"column":118}},"181":{"start":{"line":182,"column":0},"end":{"line":182,"column":55}},"182":{"start":{"line":183,"column":0},"end":{"line":183,"column":44}},"183":{"start":{"line":184,"column":0},"end":{"line":184,"column":46}},"184":{"start":{"line":185,"column":0},"end":{"line":185,"column":17}},"186":{"start":{"line":187,"column":0},"end":{"line":187,"column":70}},"187":{"start":{"line":188,"column":0},"end":{"line":188,"column":16}},"188":{"start":{"line":189,"column":0},"end":{"line":189,"column":27}},"189":{"start":{"line":190,"column":0},"end":{"line":190,"column":33}},"190":{"start":{"line":191,"column":0},"end":{"line":191,"column":30}},"191":{"start":{"line":192,"column":0},"end":{"line":192,"column":47}},"192":{"start":{"line":193,"column":0},"end":{"line":193,"column":37}},"193":{"start":{"line":194,"column":0},"end":{"line":194,"column":40}},"194":{"start":{"line":195,"column":0},"end":{"line":195,"column":38}},"195":{"start":{"line":196,"column":0},"end":{"line":196,"column":15}},"196":{"start":{"line":197,"column":0},"end":{"line":197,"column":14}},"197":{"start":{"line":198,"column":0},"end":{"line":198,"column":89}},"198":{"start":{"line":199,"column":0},"end":{"line":199,"column":12}},"199":{"start":{"line":200,"column":0},"end":{"line":200,"column":84}},"200":{"start":{"line":201,"column":0},"end":{"line":201,"column":16}},"202":{"start":{"line":203,"column":0},"end":{"line":203,"column":70}},"203":{"start":{"line":204,"column":0},"end":{"line":204,"column":16}},"204":{"start":{"line":205,"column":0},"end":{"line":205,"column":27}},"205":{"start":{"line":206,"column":0},"end":{"line":206,"column":35}},"206":{"start":{"line":207,"column":0},"end":{"line":207,"column":30}},"207":{"start":{"line":208,"column":0},"end":{"line":208,"column":49}},"208":{"start":{"line":209,"column":0},"end":{"line":209,"column":37}},"209":{"start":{"line":210,"column":0},"end":{"line":210,"column":38}},"210":{"start":{"line":211,"column":0},"end":{"line":211,"column":35}},"211":{"start":{"line":212,"column":0},"end":{"line":212,"column":35}},"212":{"start":{"line":213,"column":0},"end":{"line":213,"column":15}},"213":{"start":{"line":214,"column":0},"end":{"line":214,"column":14}},"214":{"start":{"line":215,"column":0},"end":{"line":215,"column":89}},"215":{"start":{"line":216,"column":0},"end":{"line":216,"column":12}},"216":{"start":{"line":217,"column":0},"end":{"line":217,"column":86}},"217":{"start":{"line":218,"column":0},"end":{"line":218,"column":16}},"219":{"start":{"line":220,"column":0},"end":{"line":220,"column":25}},"220":{"start":{"line":221,"column":0},"end":{"line":221,"column":12}},"221":{"start":{"line":222,"column":0},"end":{"line":222,"column":18}},"222":{"start":{"line":223,"column":0},"end":{"line":223,"column":27}},"223":{"start":{"line":224,"column":0},"end":{"line":224,"column":51}},"224":{"start":{"line":225,"column":0},"end":{"line":225,"column":33}},"225":{"start":{"line":226,"column":0},"end":{"line":226,"column":62}},"226":{"start":{"line":227,"column":0},"end":{"line":227,"column":122}},"227":{"start":{"line":228,"column":0},"end":{"line":228,"column":14}},"228":{"start":{"line":229,"column":0},"end":{"line":229,"column":19}},"229":{"start":{"line":230,"column":0},"end":{"line":230,"column":33}},"230":{"start":{"line":231,"column":0},"end":{"line":231,"column":62}},"231":{"start":{"line":232,"column":0},"end":{"line":232,"column":122}},"233":{"start":{"line":234,"column":0},"end":{"line":234,"column":52}},"234":{"start":{"line":235,"column":0},"end":{"line":235,"column":52}},"235":{"start":{"line":236,"column":0},"end":{"line":236,"column":48}},"236":{"start":{"line":237,"column":0},"end":{"line":237,"column":49}},"237":{"start":{"line":238,"column":0},"end":{"line":238,"column":49}},"238":{"start":{"line":239,"column":0},"end":{"line":239,"column":51}},"239":{"start":{"line":240,"column":0},"end":{"line":240,"column":51}},"240":{"start":{"line":241,"column":0},"end":{"line":241,"column":21}},"241":{"start":{"line":242,"column":0},"end":{"line":242,"column":13}},"244":{"start":{"line":245,"column":0},"end":{"line":245,"column":27}},"245":{"start":{"line":246,"column":0},"end":{"line":246,"column":17}},"246":{"start":{"line":247,"column":0},"end":{"line":247,"column":34}},"247":{"start":{"line":248,"column":0},"end":{"line":248,"column":63}},"248":{"start":{"line":249,"column":0},"end":{"line":249,"column":120}},"250":{"start":{"line":251,"column":0},"end":{"line":251,"column":49}},"251":{"start":{"line":252,"column":0},"end":{"line":252,"column":46}},"252":{"start":{"line":253,"column":0},"end":{"line":253,"column":42}},"253":{"start":{"line":254,"column":0},"end":{"line":254,"column":44}},"254":{"start":{"line":255,"column":0},"end":{"line":255,"column":44}},"255":{"start":{"line":256,"column":0},"end":{"line":256,"column":44}},"256":{"start":{"line":257,"column":0},"end":{"line":257,"column":44}},"257":{"start":{"line":258,"column":0},"end":{"line":258,"column":19}},"260":{"start":{"line":261,"column":0},"end":{"line":261,"column":15}},"261":{"start":{"line":262,"column":0},"end":{"line":262,"column":23}},"262":{"start":{"line":263,"column":0},"end":{"line":263,"column":31}},"263":{"start":{"line":264,"column":0},"end":{"line":264,"column":100}},"264":{"start":{"line":265,"column":0},"end":{"line":265,"column":22}},"265":{"start":{"line":266,"column":0},"end":{"line":266,"column":48}},"266":{"start":{"line":267,"column":0},"end":{"line":267,"column":47}},"267":{"start":{"line":268,"column":0},"end":{"line":268,"column":13}},"269":{"start":{"line":270,"column":0},"end":{"line":270,"column":58}},"270":{"start":{"line":271,"column":0},"end":{"line":271,"column":17}},"271":{"start":{"line":272,"column":0},"end":{"line":272,"column":13}},"272":{"start":{"line":273,"column":0},"end":{"line":273,"column":10}},"274":{"start":{"line":275,"column":0},"end":{"line":275,"column":1}},"276":{"start":{"line":277,"column":0},"end":{"line":277,"column":26}}},"s":{"0":1,"1":1,"2":1,"4":148,"5":148,"6":148,"7":148,"8":148,"9":148,"10":148,"11":148,"12":148,"13":148,"14":148,"15":148,"16":148,"18":148,"19":148,"21":148,"22":8,"23":8,"25":8,"26":0,"27":0,"28":0,"30":8,"31":2,"32":2,"33":2,"35":6,"36":8,"37":1,"38":1,"39":1,"41":8,"42":2,"43":1,"44":1,"45":1,"46":1,"47":2,"48":0,"49":0,"50":0,"52":1,"53":1,"54":1,"55":1,"56":2,"58":3,"59":8,"60":0,"61":0,"62":0,"64":3,"66":3,"67":3,"68":3,"69":3,"70":3,"71":3,"72":3,"73":3,"74":8,"75":8,"76":8,"77":8,"79":3,"80":3,"81":3,"82":3,"83":3,"84":3,"85":3,"86":3,"88":8,"89":8,"90":3,"91":3,"92":0,"94":8,"95":1,"96":1,"97":1,"99":2,"100":2,"101":2,"102":2,"103":2,"104":2,"105":2,"106":2,"107":2,"108":2,"110":2,"111":8,"112":1,"113":1,"114":8,"115":3,"116":3,"117":8,"119":148,"120":1,"121":1,"122":1,"123":1,"124":1,"125":1,"126":1,"128":1,"130":147,"131":147,"132":147,"133":147,"134":147,"136":147,"138":147,"140":147,"141":8,"144":148,"145":148,"146":148,"147":148,"148":148,"149":148,"150":148,"152":148,"153":148,"154":148,"155":148,"156":148,"157":148,"159":148,"160":148,"161":148,"162":148,"163":148,"164":148,"165":148,"166":148,"168":148,"169":148,"170":148,"171":148,"172":148,"173":148,"174":148,"176":148,"177":148,"178":148,"179":148,"181":148,"182":148,"183":148,"184":148,"186":148,"187":148,"188":148,"189":148,"190":148,"191":1,"192":1,"193":1,"194":1,"195":1,"196":1,"197":148,"198":148,"199":148,"200":148,"202":148,"203":148,"204":148,"205":148,"206":148,"207":1,"208":1,"209":1,"210":1,"211":1,"212":1,"213":1,"214":148,"215":148,"216":148,"217":148,"219":148,"220":5,"221":5,"222":5,"223":5,"224":5,"225":5,"226":5,"227":5,"228":5,"229":5,"230":5,"231":5,"233":5,"234":5,"235":5,"236":5,"237":5,"238":5,"239":5,"240":5,"241":5,"244":148,"245":4,"246":4,"247":4,"248":4,"250":4,"251":4,"252":4,"253":4,"254":4,"255":4,"256":4,"257":4,"260":148,"261":148,"262":148,"263":148,"264":148,"265":3,"266":144,"267":148,"269":148,"270":148,"271":148,"272":148,"274":148,"276":1},"branchMap":{"0":{"type":"branch","line":5,"loc":{"start":{"line":5,"column":0},"end":{"line":275,"column":1}},"locations":[{"start":{"line":5,"column":0},"end":{"line":275,"column":1}}]},"1":{"type":"branch","line":120,"loc":{"start":{"line":120,"column":19},"end":{"line":129,"column":3}},"locations":[{"start":{"line":120,"column":19},"end":{"line":129,"column":3}}]},"2":{"type":"branch","line":129,"loc":{"start":{"line":129,"column":2},"end":{"line":141,"column":19}},"locations":[{"start":{"line":129,"column":2},"end":{"line":141,"column":19}}]},"3":{"type":"branch","line":141,"loc":{"start":{"line":141,"column":9},"end":{"line":142,"column":76}},"locations":[{"start":{"line":141,"column":9},"end":{"line":142,"column":76}}]},"4":{"type":"branch","line":220,"loc":{"start":{"line":220,"column":9},"end":{"line":242,"column":13}},"locations":[{"start":{"line":220,"column":9},"end":{"line":242,"column":13}}]},"5":{"type":"branch","line":245,"loc":{"start":{"line":245,"column":9},"end":{"line":258,"column":19}},"locations":[{"start":{"line":245,"column":9},"end":{"line":258,"column":19}}]},"6":{"type":"branch","line":265,"loc":{"start":{"line":265,"column":12},"end":{"line":266,"column":48}},"locations":[{"start":{"line":265,"column":12},"end":{"line":266,"column":48}}]},"7":{"type":"branch","line":266,"loc":{"start":{"line":266,"column":16},"end":{"line":267,"column":47}},"locations":[{"start":{"line":266,"column":16},"end":{"line":267,"column":47}}]},"8":{"type":"branch","line":270,"loc":{"start":{"line":270,"column":11},"end":{"line":270,"column":40}},"locations":[{"start":{"line":270,"column":11},"end":{"line":270,"column":40}}]},"9":{"type":"branch","line":270,"loc":{"start":{"line":270,"column":24},"end":{"line":270,"column":58}},"locations":[{"start":{"line":270,"column":24},"end":{"line":270,"column":58}}]},"10":{"type":"branch","line":22,"loc":{"start":{"line":22,"column":23},"end":{"line":118,"column":4}},"locations":[{"start":{"line":22,"column":23},"end":{"line":118,"column":4}}]},"11":{"type":"branch","line":26,"loc":{"start":{"line":26,"column":31},"end":{"line":29,"column":5}},"locations":[{"start":{"line":26,"column":31},"end":{"line":29,"column":5}}]},"12":{"type":"branch","line":31,"loc":{"start":{"line":31,"column":9},"end":{"line":31,"column":32}},"locations":[{"start":{"line":31,"column":9},"end":{"line":31,"column":32}}]},"13":{"type":"branch","line":31,"loc":{"start":{"line":31,"column":17},"end":{"line":31,"column":41}},"locations":[{"start":{"line":31,"column":17},"end":{"line":31,"column":41}}]},"14":{"type":"branch","line":31,"loc":{"start":{"line":31,"column":33},"end":{"line":31,"column":48}},"locations":[{"start":{"line":31,"column":33},"end":{"line":31,"column":48}}]},"15":{"type":"branch","line":31,"loc":{"start":{"line":31,"column":48},"end":{"line":34,"column":5}},"locations":[{"start":{"line":31,"column":48},"end":{"line":34,"column":5}}]},"16":{"type":"branch","line":34,"loc":{"start":{"line":34,"column":4},"end":{"line":37,"column":47}},"locations":[{"start":{"line":34,"column":4},"end":{"line":37,"column":47}}]},"17":{"type":"branch","line":37,"loc":{"start":{"line":37,"column":47},"end":{"line":40,"column":5}},"locations":[{"start":{"line":37,"column":47},"end":{"line":40,"column":5}}]},"18":{"type":"branch","line":40,"loc":{"start":{"line":40,"column":4},"end":{"line":42,"column":21}},"locations":[{"start":{"line":40,"column":4},"end":{"line":42,"column":21}}]},"19":{"type":"branch","line":42,"loc":{"start":{"line":42,"column":21},"end":{"line":57,"column":5}},"locations":[{"start":{"line":42,"column":21},"end":{"line":57,"column":5}}]},"20":{"type":"branch","line":43,"loc":{"start":{"line":43,"column":24},"end":{"line":48,"column":63}},"locations":[{"start":{"line":43,"column":24},"end":{"line":48,"column":63}}]},"21":{"type":"branch","line":48,"loc":{"start":{"line":48,"column":63},"end":{"line":51,"column":7}},"locations":[{"start":{"line":48,"column":63},"end":{"line":51,"column":7}}]},"22":{"type":"branch","line":51,"loc":{"start":{"line":51,"column":6},"end":{"line":56,"column":7}},"locations":[{"start":{"line":51,"column":6},"end":{"line":56,"column":7}}]},"23":{"type":"branch","line":57,"loc":{"start":{"line":57,"column":4},"end":{"line":60,"column":40}},"locations":[{"start":{"line":57,"column":4},"end":{"line":60,"column":40}}]},"24":{"type":"branch","line":60,"loc":{"start":{"line":60,"column":40},"end":{"line":63,"column":5}},"locations":[{"start":{"line":60,"column":40},"end":{"line":63,"column":5}}]},"25":{"type":"branch","line":63,"loc":{"start":{"line":63,"column":4},"end":{"line":75,"column":56}},"locations":[{"start":{"line":63,"column":4},"end":{"line":75,"column":56}}]},"26":{"type":"branch","line":75,"loc":{"start":{"line":75,"column":40},"end":{"line":75,"column":73}},"locations":[{"start":{"line":75,"column":40},"end":{"line":75,"column":73}}]},"27":{"type":"branch","line":75,"loc":{"start":{"line":75,"column":56},"end":{"line":75,"column":75}},"locations":[{"start":{"line":75,"column":56},"end":{"line":75,"column":75}}]},"28":{"type":"branch","line":76,"loc":{"start":{"line":76,"column":39},"end":{"line":76,"column":67}},"locations":[{"start":{"line":76,"column":39},"end":{"line":76,"column":67}}]},"29":{"type":"branch","line":76,"loc":{"start":{"line":76,"column":53},"end":{"line":76,"column":69}},"locations":[{"start":{"line":76,"column":53},"end":{"line":76,"column":69}}]},"30":{"type":"branch","line":77,"loc":{"start":{"line":77,"column":34},"end":{"line":77,"column":62}},"locations":[{"start":{"line":77,"column":34},"end":{"line":77,"column":62}}]},"31":{"type":"branch","line":77,"loc":{"start":{"line":77,"column":48},"end":{"line":77,"column":64}},"locations":[{"start":{"line":77,"column":48},"end":{"line":77,"column":64}}]},"32":{"type":"branch","line":78,"loc":{"start":{"line":78,"column":21},"end":{"line":78,"column":57}},"locations":[{"start":{"line":78,"column":21},"end":{"line":78,"column":57}}]},"33":{"type":"branch","line":78,"loc":{"start":{"line":78,"column":55},"end":{"line":89,"column":66}},"locations":[{"start":{"line":78,"column":55},"end":{"line":89,"column":66}}]},"34":{"type":"branch","line":89,"loc":{"start":{"line":89,"column":61},"end":{"line":89,"column":69}},"locations":[{"start":{"line":89,"column":61},"end":{"line":89,"column":69}}]},"35":{"type":"branch","line":90,"loc":{"start":{"line":90,"column":42},"end":{"line":92,"column":29}},"locations":[{"start":{"line":90,"column":42},"end":{"line":92,"column":29}}]},"36":{"type":"branch","line":92,"loc":{"start":{"line":92,"column":28},"end":{"line":93,"column":15}},"locations":[{"start":{"line":92,"column":28},"end":{"line":93,"column":15}}]},"37":{"type":"branch","line":95,"loc":{"start":{"line":95,"column":24},"end":{"line":98,"column":7}},"locations":[{"start":{"line":95,"column":24},"end":{"line":98,"column":7}}]},"38":{"type":"branch","line":96,"loc":{"start":{"line":96,"column":26},"end":{"line":96,"column":46}},"locations":[{"start":{"line":96,"column":26},"end":{"line":96,"column":46}}]},"39":{"type":"branch","line":96,"loc":{"start":{"line":96,"column":35},"end":{"line":96,"column":72}},"locations":[{"start":{"line":96,"column":35},"end":{"line":96,"column":72}}]},"40":{"type":"branch","line":98,"loc":{"start":{"line":98,"column":6},"end":{"line":112,"column":13}},"locations":[{"start":{"line":98,"column":6},"end":{"line":112,"column":13}}]},"41":{"type":"branch","line":112,"loc":{"start":{"line":112,"column":4},"end":{"line":115,"column":6}},"locations":[{"start":{"line":112,"column":4},"end":{"line":115,"column":6}}]},"42":{"type":"branch","line":114,"loc":{"start":{"line":114,"column":19},"end":{"line":114,"column":71}},"locations":[{"start":{"line":114,"column":19},"end":{"line":114,"column":71}}]},"43":{"type":"branch","line":115,"loc":{"start":{"line":115,"column":4},"end":{"line":117,"column":5}},"locations":[{"start":{"line":115,"column":4},"end":{"line":117,"column":5}}]},"44":{"type":"branch","line":149,"loc":{"start":{"line":149,"column":20},"end":{"line":149,"column":50}},"locations":[{"start":{"line":149,"column":20},"end":{"line":149,"column":50}}]},"45":{"type":"branch","line":156,"loc":{"start":{"line":156,"column":20},"end":{"line":156,"column":58}},"locations":[{"start":{"line":156,"column":20},"end":{"line":156,"column":58}}]},"46":{"type":"branch","line":164,"loc":{"start":{"line":164,"column":22},"end":{"line":164,"column":61}},"locations":[{"start":{"line":164,"column":22},"end":{"line":164,"column":61}}]},"47":{"type":"branch","line":173,"loc":{"start":{"line":173,"column":20},"end":{"line":173,"column":51}},"locations":[{"start":{"line":173,"column":20},"end":{"line":173,"column":51}}]},"48":{"type":"branch","line":179,"loc":{"start":{"line":179,"column":20},"end":{"line":179,"column":51}},"locations":[{"start":{"line":179,"column":20},"end":{"line":179,"column":51}}]},"49":{"type":"branch","line":191,"loc":{"start":{"line":191,"column":22},"end":{"line":197,"column":14}},"locations":[{"start":{"line":191,"column":22},"end":{"line":197,"column":14}}]},"50":{"type":"branch","line":207,"loc":{"start":{"line":207,"column":22},"end":{"line":214,"column":14}},"locations":[{"start":{"line":207,"column":22},"end":{"line":214,"column":14}}]},"51":{"type":"branch","line":226,"loc":{"start":{"line":226,"column":24},"end":{"line":226,"column":62}},"locations":[{"start":{"line":226,"column":24},"end":{"line":226,"column":62}}]},"52":{"type":"branch","line":248,"loc":{"start":{"line":248,"column":22},"end":{"line":248,"column":63}},"locations":[{"start":{"line":248,"column":22},"end":{"line":248,"column":63}}]}},"b":{"0":[148],"1":[1],"2":[147],"3":[8],"4":[5],"5":[4],"6":[3],"7":[144],"8":[3],"9":[144],"10":[8],"11":[0],"12":[7],"13":[7],"14":[7],"15":[2],"16":[6],"17":[1],"18":[5],"19":[2],"20":[1],"21":[0],"22":[1],"23":[3],"24":[0],"25":[3],"26":[1],"27":[2],"28":[0],"29":[3],"30":[0],"31":[3],"32":[1],"33":[3],"34":[0],"35":[3],"36":[0],"37":[1],"38":[0],"39":[0],"40":[2],"41":[1],"42":[0],"43":[3],"44":[73],"45":[30],"46":[1],"47":[15],"48":[5],"49":[1],"50":[1],"51":[2],"52":[1]},"fnMap":{"0":{"name":"AddArticle","decl":{"start":{"line":5,"column":0},"end":{"line":275,"column":1}},"loc":{"start":{"line":5,"column":0},"end":{"line":275,"column":1}},"line":5},"1":{"name":"handleSubmit","decl":{"start":{"line":22,"column":23},"end":{"line":118,"column":4}},"loc":{"start":{"line":22,"column":23},"end":{"line":118,"column":4}},"line":22},"2":{"name":"onChange","decl":{"start":{"line":149,"column":20},"end":{"line":149,"column":50}},"loc":{"start":{"line":149,"column":20},"end":{"line":149,"column":50}},"line":149},"3":{"name":"onChange","decl":{"start":{"line":156,"column":20},"end":{"line":156,"column":58}},"loc":{"start":{"line":156,"column":20},"end":{"line":156,"column":58}},"line":156},"4":{"name":"onChange","decl":{"start":{"line":164,"column":22},"end":{"line":164,"column":61}},"loc":{"start":{"line":164,"column":22},"end":{"line":164,"column":61}},"line":164},"5":{"name":"onChange","decl":{"start":{"line":173,"column":20},"end":{"line":173,"column":51}},"loc":{"start":{"line":173,"column":20},"end":{"line":173,"column":51}},"line":173},"6":{"name":"onChange","decl":{"start":{"line":179,"column":20},"end":{"line":179,"column":51}},"loc":{"start":{"line":179,"column":20},"end":{"line":179,"column":51}},"line":179},"7":{"name":"onChange","decl":{"start":{"line":191,"column":22},"end":{"line":197,"column":14}},"loc":{"start":{"line":191,"column":22},"end":{"line":197,"column":14}},"line":191},"8":{"name":"onChange","decl":{"start":{"line":207,"column":22},"end":{"line":214,"column":14}},"loc":{"start":{"line":207,"column":22},"end":{"line":214,"column":14}},"line":207},"9":{"name":"onChange","decl":{"start":{"line":226,"column":24},"end":{"line":226,"column":62}},"loc":{"start":{"line":226,"column":24},"end":{"line":226,"column":62}},"line":226},"10":{"name":"onChange","decl":{"start":{"line":231,"column":24},"end":{"line":231,"column":62}},"loc":{"start":{"line":231,"column":24},"end":{"line":231,"column":62}},"line":231},"11":{"name":"onChange","decl":{"start":{"line":248,"column":22},"end":{"line":248,"column":63}},"loc":{"start":{"line":248,"column":22},"end":{"line":248,"column":63}},"line":248}},"f":{"0":148,"1":8,"2":73,"3":30,"4":1,"5":15,"6":5,"7":1,"8":1,"9":2,"10":0,"11":1}}
,"C:\\Users\\Youssef\\.vscode\\projetApplicationWeb\\frontend\\src\\components\\bids\\PageBid.jsx": {"path":"C:\\Users\\Youssef\\.vscode\\projetApplicationWeb\\frontend\\src\\components\\bids\\PageBid.jsx","all":false,"statementMap":{"0":{"start":{"line":1,"column":0},"end":{"line":1,"column":72}},"1":{"start":{"line":2,"column":0},"end":{"line":2,"column":71}},"2":{"start":{"line":3,"column":0},"end":{"line":3,"column":56}},"3":{"start":{"line":4,"column":0},"end":{"line":4,"column":46}},"5":{"start":{"line":6,"column":0},"end":{"line":6,"column":63}},"7":{"start":{"line":8,"column":0},"end":{"line":8,"column":20}},"8":{"start":{"line":9,"column":0},"end":{"line":9,"column":29}},"9":{"start":{"line":10,"column":0},"end":{"line":10,"column":34}},"10":{"start":{"line":11,"column":0},"end":{"line":11,"column":33}},"11":{"start":{"line":12,"column":0},"end":{"line":12,"column":24}},"13":{"start":{"line":14,"column":0},"end":{"line":14,"column":60}},"14":{"start":{"line":15,"column":0},"end":{"line":15,"column":64}},"16":{"start":{"line":17,"column":0},"end":{"line":17,"column":39}},"17":{"start":{"line":18,"column":0},"end":{"line":18,"column":51}},"18":{"start":{"line":19,"column":0},"end":{"line":19,"column":45}},"19":{"start":{"line":20,"column":0},"end":{"line":20,"column":47}},"22":{"start":{"line":23,"column":0},"end":{"line":23,"column":47}},"24":{"start":{"line":25,"column":0},"end":{"line":25,"column":36}},"25":{"start":{"line":26,"column":0},"end":{"line":26,"column":40}},"26":{"start":{"line":27,"column":0},"end":{"line":27,"column":34}},"27":{"start":{"line":28,"column":0},"end":{"line":28,"column":27}},"28":{"start":{"line":29,"column":0},"end":{"line":29,"column":27}},"29":{"start":{"line":30,"column":0},"end":{"line":30,"column":47}},"31":{"start":{"line":32,"column":0},"end":{"line":32,"column":59}},"32":{"start":{"line":33,"column":0},"end":{"line":33,"column":62}},"33":{"start":{"line":34,"column":0},"end":{"line":34,"column":58}},"34":{"start":{"line":35,"column":0},"end":{"line":35,"column":55}},"35":{"start":{"line":36,"column":0},"end":{"line":36,"column":3}},"37":{"start":{"line":38,"column":0},"end":{"line":38,"column":41}},"38":{"start":{"line":39,"column":0},"end":{"line":39,"column":33}},"39":{"start":{"line":40,"column":0},"end":{"line":40,"column":9}},"40":{"start":{"line":41,"column":0},"end":{"line":41,"column":29}},"41":{"start":{"line":42,"column":0},"end":{"line":42,"column":13}},"42":{"start":{"line":43,"column":0},"end":{"line":43,"column":64}},"43":{"start":{"line":44,"column":0},"end":{"line":44,"column":5}},"44":{"start":{"line":45,"column":0},"end":{"line":45,"column":3}},"46":{"start":{"line":47,"column":0},"end":{"line":47,"column":19}},"47":{"start":{"line":48,"column":0},"end":{"line":48,"column":39}},"49":{"start":{"line":50,"column":0},"end":{"line":50,"column":54}},"51":{"start":{"line":52,"column":0},"end":{"line":52,"column":37}},"52":{"start":{"line":53,"column":0},"end":{"line":53,"column":56}},"53":{"start":{"line":54,"column":0},"end":{"line":54,"column":15}},"54":{"start":{"line":55,"column":0},"end":{"line":55,"column":38}},"55":{"start":{"line":56,"column":0},"end":{"line":56,"column":30}},"57":{"start":{"line":58,"column":0},"end":{"line":58,"column":28}},"58":{"start":{"line":59,"column":0},"end":{"line":59,"column":63}},"59":{"start":{"line":60,"column":0},"end":{"line":60,"column":4}},"61":{"start":{"line":62,"column":0},"end":{"line":62,"column":37}},"62":{"start":{"line":63,"column":0},"end":{"line":63,"column":30}},"63":{"start":{"line":64,"column":0},"end":{"line":64,"column":54}},"64":{"start":{"line":65,"column":0},"end":{"line":65,"column":10}},"65":{"start":{"line":66,"column":0},"end":{"line":66,"column":40}},"66":{"start":{"line":67,"column":0},"end":{"line":67,"column":25}},"68":{"start":{"line":69,"column":0},"end":{"line":69,"column":17}},"69":{"start":{"line":70,"column":0},"end":{"line":70,"column":28}},"70":{"start":{"line":71,"column":0},"end":{"line":71,"column":59}},"73":{"start":{"line":74,"column":0},"end":{"line":74,"column":33}},"74":{"start":{"line":75,"column":0},"end":{"line":75,"column":21}},"75":{"start":{"line":76,"column":0},"end":{"line":76,"column":19}},"76":{"start":{"line":77,"column":0},"end":{"line":77,"column":9}},"77":{"start":{"line":78,"column":0},"end":{"line":78,"column":72}},"78":{"start":{"line":79,"column":0},"end":{"line":79,"column":48}},"79":{"start":{"line":80,"column":0},"end":{"line":80,"column":26}},"80":{"start":{"line":81,"column":0},"end":{"line":81,"column":9}},"81":{"start":{"line":82,"column":0},"end":{"line":82,"column":48}},"82":{"start":{"line":83,"column":0},"end":{"line":83,"column":76}},"83":{"start":{"line":84,"column":0},"end":{"line":84,"column":47}},"84":{"start":{"line":85,"column":0},"end":{"line":85,"column":17}},"85":{"start":{"line":86,"column":0},"end":{"line":86,"column":56}},"86":{"start":{"line":87,"column":0},"end":{"line":87,"column":15}},"87":{"start":{"line":88,"column":0},"end":{"line":88,"column":24}},"88":{"start":{"line":89,"column":0},"end":{"line":89,"column":5}},"89":{"start":{"line":90,"column":0},"end":{"line":90,"column":4}},"91":{"start":{"line":92,"column":0},"end":{"line":92,"column":19}},"92":{"start":{"line":93,"column":0},"end":{"line":93,"column":50}},"93":{"start":{"line":94,"column":0},"end":{"line":94,"column":11}},"95":{"start":{"line":96,"column":0},"end":{"line":96,"column":35}},"96":{"start":{"line":97,"column":0},"end":{"line":97,"column":23}},"97":{"start":{"line":98,"column":0},"end":{"line":98,"column":19}},"99":{"start":{"line":100,"column":0},"end":{"line":100,"column":58}},"100":{"start":{"line":101,"column":0},"end":{"line":101,"column":39}},"101":{"start":{"line":102,"column":0},"end":{"line":102,"column":34}},"102":{"start":{"line":103,"column":0},"end":{"line":103,"column":52}},"103":{"start":{"line":104,"column":0},"end":{"line":104,"column":31}},"104":{"start":{"line":105,"column":0},"end":{"line":105,"column":65}},"105":{"start":{"line":106,"column":0},"end":{"line":106,"column":65}},"107":{"start":{"line":108,"column":0},"end":{"line":108,"column":9}},"108":{"start":{"line":109,"column":0},"end":{"line":109,"column":35}},"109":{"start":{"line":110,"column":0},"end":{"line":110,"column":55}},"110":{"start":{"line":111,"column":0},"end":{"line":111,"column":23}},"111":{"start":{"line":112,"column":0},"end":{"line":112,"column":18}},"112":{"start":{"line":113,"column":0},"end":{"line":113,"column":45}},"113":{"start":{"line":114,"column":0},"end":{"line":114,"column":82}},"114":{"start":{"line":115,"column":0},"end":{"line":115,"column":10}},"115":{"start":{"line":116,"column":0},"end":{"line":116,"column":73}},"116":{"start":{"line":117,"column":0},"end":{"line":117,"column":9}},"118":{"start":{"line":119,"column":0},"end":{"line":119,"column":48}},"120":{"start":{"line":121,"column":0},"end":{"line":121,"column":53}},"121":{"start":{"line":122,"column":0},"end":{"line":122,"column":73}},"122":{"start":{"line":123,"column":0},"end":{"line":123,"column":7}},"123":{"start":{"line":124,"column":0},"end":{"line":124,"column":20}},"124":{"start":{"line":125,"column":0},"end":{"line":125,"column":61}},"125":{"start":{"line":126,"column":0},"end":{"line":126,"column":7}},"128":{"start":{"line":129,"column":0},"end":{"line":129,"column":24}},"129":{"start":{"line":130,"column":0},"end":{"line":130,"column":24}},"130":{"start":{"line":131,"column":0},"end":{"line":131,"column":49}},"131":{"start":{"line":132,"column":0},"end":{"line":132,"column":17}},"132":{"start":{"line":133,"column":0},"end":{"line":133,"column":47}},"133":{"start":{"line":134,"column":0},"end":{"line":134,"column":5}},"134":{"start":{"line":135,"column":0},"end":{"line":135,"column":4}},"136":{"start":{"line":137,"column":0},"end":{"line":137,"column":17}},"137":{"start":{"line":138,"column":0},"end":{"line":138,"column":12}},"138":{"start":{"line":139,"column":0},"end":{"line":139,"column":53}},"140":{"start":{"line":141,"column":0},"end":{"line":141,"column":10}},"142":{"start":{"line":143,"column":0},"end":{"line":143,"column":3}},"144":{"start":{"line":145,"column":0},"end":{"line":145,"column":10}},"145":{"start":{"line":146,"column":0},"end":{"line":146,"column":102}},"146":{"start":{"line":147,"column":0},"end":{"line":147,"column":78}},"147":{"start":{"line":148,"column":0},"end":{"line":148,"column":65}},"149":{"start":{"line":150,"column":0},"end":{"line":150,"column":78}},"150":{"start":{"line":151,"column":0},"end":{"line":151,"column":63}},"151":{"start":{"line":152,"column":0},"end":{"line":152,"column":41}},"152":{"start":{"line":153,"column":0},"end":{"line":153,"column":15}},"153":{"start":{"line":154,"column":0},"end":{"line":154,"column":48}},"154":{"start":{"line":155,"column":0},"end":{"line":155,"column":39}},"155":{"start":{"line":156,"column":0},"end":{"line":156,"column":15}},"156":{"start":{"line":157,"column":0},"end":{"line":157,"column":13}},"157":{"start":{"line":158,"column":0},"end":{"line":158,"column":67}},"158":{"start":{"line":159,"column":0},"end":{"line":159,"column":35}},"159":{"start":{"line":160,"column":0},"end":{"line":160,"column":45}},"160":{"start":{"line":161,"column":0},"end":{"line":161,"column":43}},"161":{"start":{"line":162,"column":0},"end":{"line":162,"column":43}},"162":{"start":{"line":163,"column":0},"end":{"line":163,"column":41}},"163":{"start":{"line":164,"column":0},"end":{"line":164,"column":13}},"165":{"start":{"line":166,"column":0},"end":{"line":166,"column":24}},"166":{"start":{"line":167,"column":0},"end":{"line":167,"column":15}},"167":{"start":{"line":168,"column":0},"end":{"line":168,"column":12}},"170":{"start":{"line":171,"column":0},"end":{"line":171,"column":32}},"171":{"start":{"line":172,"column":0},"end":{"line":172,"column":10}},"172":{"start":{"line":173,"column":0},"end":{"line":173,"column":37}},"173":{"start":{"line":174,"column":0},"end":{"line":174,"column":54}},"174":{"start":{"line":175,"column":0},"end":{"line":175,"column":20}},"175":{"start":{"line":176,"column":0},"end":{"line":176,"column":9}},"176":{"start":{"line":177,"column":0},"end":{"line":177,"column":22}},"177":{"start":{"line":178,"column":0},"end":{"line":178,"column":12}},"180":{"start":{"line":181,"column":0},"end":{"line":181,"column":33}},"181":{"start":{"line":182,"column":0},"end":{"line":182,"column":74}},"182":{"start":{"line":183,"column":0},"end":{"line":183,"column":20}},"183":{"start":{"line":184,"column":0},"end":{"line":184,"column":54}},"184":{"start":{"line":185,"column":0},"end":{"line":185,"column":27}},"185":{"start":{"line":186,"column":0},"end":{"line":186,"column":36}},"186":{"start":{"line":187,"column":0},"end":{"line":187,"column":22}},"187":{"start":{"line":188,"column":0},"end":{"line":188,"column":66}},"188":{"start":{"line":189,"column":0},"end":{"line":189,"column":29}},"189":{"start":{"line":190,"column":0},"end":{"line":190,"column":19}},"190":{"start":{"line":191,"column":0},"end":{"line":191,"column":30}},"191":{"start":{"line":192,"column":0},"end":{"line":192,"column":99}},"193":{"start":{"line":194,"column":0},"end":{"line":194,"column":62}},"194":{"start":{"line":195,"column":0},"end":{"line":195,"column":63}},"195":{"start":{"line":196,"column":0},"end":{"line":196,"column":25}},"196":{"start":{"line":197,"column":0},"end":{"line":197,"column":65}},"197":{"start":{"line":198,"column":0},"end":{"line":198,"column":42}},"198":{"start":{"line":199,"column":0},"end":{"line":199,"column":25}},"199":{"start":{"line":200,"column":0},"end":{"line":200,"column":21}},"200":{"start":{"line":201,"column":0},"end":{"line":201,"column":17}},"201":{"start":{"line":202,"column":0},"end":{"line":202,"column":15}},"203":{"start":{"line":204,"column":0},"end":{"line":204,"column":74}},"205":{"start":{"line":206,"column":0},"end":{"line":206,"column":12}},"207":{"start":{"line":208,"column":0},"end":{"line":208,"column":56}},"208":{"start":{"line":209,"column":0},"end":{"line":209,"column":80}},"209":{"start":{"line":210,"column":0},"end":{"line":210,"column":14}},"210":{"start":{"line":211,"column":0},"end":{"line":211,"column":23}},"211":{"start":{"line":212,"column":0},"end":{"line":212,"column":21}},"212":{"start":{"line":213,"column":0},"end":{"line":213,"column":17}},"213":{"start":{"line":214,"column":0},"end":{"line":214,"column":28}},"214":{"start":{"line":215,"column":0},"end":{"line":215,"column":57}},"215":{"start":{"line":216,"column":0},"end":{"line":216,"column":118}},"216":{"start":{"line":217,"column":0},"end":{"line":217,"column":42}},"217":{"start":{"line":218,"column":0},"end":{"line":218,"column":28}},"218":{"start":{"line":219,"column":0},"end":{"line":219,"column":10}},"219":{"start":{"line":220,"column":0},"end":{"line":220,"column":15}},"220":{"start":{"line":221,"column":0},"end":{"line":221,"column":23}},"221":{"start":{"line":222,"column":0},"end":{"line":222,"column":20}},"222":{"start":{"line":223,"column":0},"end":{"line":223,"column":22}},"223":{"start":{"line":224,"column":0},"end":{"line":224,"column":26}},"224":{"start":{"line":225,"column":0},"end":{"line":225,"column":48}},"225":{"start":{"line":226,"column":0},"end":{"line":226,"column":48}},"227":{"start":{"line":228,"column":0},"end":{"line":228,"column":105}},"229":{"start":{"line":230,"column":0},"end":{"line":230,"column":24}},"230":{"start":{"line":231,"column":0},"end":{"line":231,"column":28}},"231":{"start":{"line":232,"column":0},"end":{"line":232,"column":50}},"232":{"start":{"line":233,"column":0},"end":{"line":233,"column":50}},"233":{"start":{"line":234,"column":0},"end":{"line":234,"column":50}},"234":{"start":{"line":235,"column":0},"end":{"line":235,"column":49}},"235":{"start":{"line":236,"column":0},"end":{"line":236,"column":15}},"237":{"start":{"line":238,"column":0},"end":{"line":238,"column":58}},"238":{"start":{"line":239,"column":0},"end":{"line":239,"column":17}},"239":{"start":{"line":240,"column":0},"end":{"line":240,"column":13}},"241":{"start":{"line":242,"column":0},"end":{"line":242,"column":20}},"243":{"start":{"line":244,"column":0},"end":{"line":244,"column":19}},"244":{"start":{"line":245,"column":0},"end":{"line":245,"column":79}},"246":{"start":{"line":247,"column":0},"end":{"line":247,"column":10}},"248":{"start":{"line":249,"column":0},"end":{"line":249,"column":1}},"250":{"start":{"line":251,"column":0},"end":{"line":251,"column":23}}},"s":{"0":1,"1":1,"2":1,"3":1,"5":1,"7":36,"8":36,"9":36,"10":36,"11":36,"13":36,"14":36,"16":36,"17":36,"18":36,"19":36,"22":36,"24":36,"25":7,"26":7,"27":7,"28":7,"29":7,"31":6,"32":6,"33":6,"34":6,"35":7,"37":36,"38":10,"39":10,"40":10,"41":10,"42":0,"43":0,"44":10,"46":36,"47":7,"49":7,"51":7,"52":0,"53":7,"54":7,"55":36,"57":36,"58":36,"59":36,"61":36,"62":15,"63":8,"64":7,"65":15,"66":36,"68":36,"69":36,"70":36,"73":36,"74":8,"75":8,"76":8,"77":8,"78":8,"79":8,"80":8,"81":8,"82":8,"83":8,"84":8,"85":0,"86":8,"87":8,"88":8,"89":8,"91":36,"92":7,"93":36,"95":36,"96":3,"97":3,"99":3,"100":3,"101":3,"102":3,"103":3,"104":3,"105":3,"107":2,"108":2,"109":2,"110":2,"111":2,"112":2,"113":2,"114":2,"115":2,"116":2,"118":2,"120":3,"121":1,"122":1,"123":3,"124":0,"125":0,"128":1,"129":1,"130":1,"131":1,"132":1,"133":1,"134":3,"136":36,"137":0,"138":0,"140":0,"142":0,"144":36,"145":36,"146":36,"147":36,"149":36,"150":36,"151":36,"152":36,"153":36,"154":36,"155":36,"156":36,"157":36,"158":36,"159":0,"160":36,"161":0,"162":36,"163":36,"165":36,"166":36,"167":36,"170":36,"171":36,"172":36,"173":36,"174":36,"175":36,"176":36,"177":36,"180":36,"181":36,"182":36,"183":15,"184":21,"185":21,"186":21,"187":21
[...]
,"C:\\Users\\Youssef\\.vscode\\projetApplicationWeb\\frontend\\src\\context\\AuthContext.jsx": {"path":"C:\\Users\\Youssef\\.vscode\\projetApplicationWeb\\frontend\\src\\context\\AuthContext.jsx","all":false,"statementMap":{"0":{"start":{"line":1,"column":0},"end":{"line":1,"column":79}},"2":{"start":{"line":3,"column":0},"end":{"line":3,"column":42}},"3":{"start":{"line":4,"column":0},"end":{"line":4,"column":20}},"4":{"start":{"line":5,"column":0},"end":{"line":5,"column":17}},"5":{"start":{"line":6,"column":0},"end":{"line":6,"column":15}},"6":{"start":{"line":7,"column":0},"end":{"line":7,"column":14}},"7":{"start":{"line":8,"column":0},"end":{"line":8,"column":18}},"8":{"start":{"line":9,"column":0},"end":{"line":9,"column":19}},"9":{"start":{"line":10,"column":0},"end":{"line":10,"column":3}},"11":{"start":{"line":12,"column":0},"end":{"line":12,"column":47}},"12":{"start":{"line":13,"column":0},"end":{"line":13,"column":43}},"13":{"start":{"line":14,"column":0},"end":{"line":14,"column":45}},"14":{"start":{"line":15,"column":0},"end":{"line":15,"column":48}},"16":{"start":{"line":17,"column":0},"end":{"line":17,"column":57}},"17":{"start":{"line":18,"column":0},"end":{"line":18,"column":20}},"18":{"start":{"line":19,"column":0},"end":{"line":19,"column":22}},"19":{"start":{"line":20,"column":0},"end":{"line":20,"column":24}},"21":{"start":{"line":22,"column":0},"end":{"line":22,"column":41}},"22":{"start":{"line":23,"column":0},"end":{"line":23,"column":43}},"23":{"start":{"line":24,"column":0},"end":{"line":24,"column":64}},"24":{"start":{"line":25,"column":0},"end":{"line":25,"column":9}},"26":{"start":{"line":27,"column":0},"end":{"line":27,"column":36}},"27":{"start":{"line":28,"column":0},"end":{"line":28,"column":19}},"28":{"start":{"line":29,"column":0},"end":{"line":29,"column":20}},"29":{"start":{"line":30,"column":0},"end":{"line":30,"column":22}},"31":{"start":{"line":32,"column":0},"end":{"line":32,"column":37}},"32":{"start":{"line":33,"column":0},"end":{"line":33,"column":38}},"33":{"start":{"line":34,"column":0},"end":{"line":34,"column":39}},"34":{"start":{"line":35,"column":0},"end":{"line":35,"column":9}},"36":{"start":{"line":37,"column":0},"end":{"line":37,"column":19}},"37":{"start":{"line":38,"column":0},"end":{"line":38,"column":54}},"38":{"start":{"line":39,"column":0},"end":{"line":39,"column":56}},"39":{"start":{"line":40,"column":0},"end":{"line":40,"column":69}},"41":{"start":{"line":42,"column":0},"end":{"line":42,"column":38}},"42":{"start":{"line":43,"column":0},"end":{"line":43,"column":54}},"43":{"start":{"line":44,"column":0},"end":{"line":44,"column":5}},"44":{"start":{"line":45,"column":0},"end":{"line":45,"column":14}},"46":{"start":{"line":47,"column":0},"end":{"line":47,"column":10}},"47":{"start":{"line":48,"column":0},"end":{"line":48,"column":25}},"48":{"start":{"line":49,"column":0},"end":{"line":49,"column":14}},"49":{"start":{"line":50,"column":0},"end":{"line":50,"column":28}},"50":{"start":{"line":51,"column":0},"end":{"line":51,"column":16}},"51":{"start":{"line":52,"column":0},"end":{"line":52,"column":14}},"52":{"start":{"line":53,"column":0},"end":{"line":53,"column":15}},"53":{"start":{"line":54,"column":0},"end":{"line":54,"column":14}},"54":{"start":{"line":55,"column":0},"end":{"line":55,"column":15}},"55":{"start":{"line":56,"column":0},"end":{"line":56,"column":8}},"57":{"start":{"line":58,"column":0},"end":{"line":58,"column":16}},"58":{"start":{"line":59,"column":0},"end":{"line":59,"column":27}},"60":{"start":{"line":61,"column":0},"end":{"line":61,"column":2}}},"s":{"0":1,"2":1,"3":1,"4":1,"5":1,"6":1,"7":1,"8":1,"9":1,"11":1,"12":8,"13":8,"14":8,"16":8,"17":3,"18":3,"19":3,"21":3,"22":3,"23":3,"24":8,"26":8,"27":1,"28":1,"29":1,"31":1,"32":1,"33":1,"34":8,"36":8,"37":4,"38":4,"39":4,"41":4,"42":2,"43":2,"44":8,"46":8,"47":8,"48":8,"49":8,"50":8,"51":8,"52":8,"53":8,"54":8,"55":8,"57":8,"58":8,"60":8},"branchMap":{"0":{"type":"branch","line":12,"loc":{"start":{"line":12,"column":28},"end":{"line":61,"column":2}},"locations":[{"start":{"line":12,"column":28},"end":{"line":61,"column":2}}]},"1":{"type":"branch","line":17,"loc":{"start":{"line":17,"column":28},"end":{"line":25,"column":5}},"locations":[{"start":{"line":17,"column":28},"end":{"line":25,"column":5}}]},"2":{"type":"branch","line":24,"loc":{"start":{"line":24,"column":36},"end":{"line":24,"column":55}},"locations":[{"start":{"line":24,"column":36},"end":{"line":24,"column":55}}]},"3":{"type":"branch","line":27,"loc":{"start":{"line":27,"column":29},"end":{"line":35,"column":5}},"locations":[{"start":{"line":27,"column":29},"end":{"line":35,"column":5}}]},"4":{"type":"branch","line":37,"loc":{"start":{"line":37,"column":12},"end":{"line":45,"column":5}},"locations":[{"start":{"line":37,"column":12},"end":{"line":45,"column":5}}]},"5":{"type":"branch","line":42,"loc":{"start":{"line":42,"column":8},"end":{"line":42,"column":37}},"locations":[{"start":{"line":42,"column":8},"end":{"line":42,"column":37}}]},"6":{"type":"branch","line":42,"loc":{"start":{"line":42,"column":37},"end":{"line":44,"column":5}},"locations":[{"start":{"line":42,"column":37},"end":{"line":44,"column":5}}]}},"b":{"0":[8],"1":[3],"2":[0],"3":[1],"4":[4],"5":[2],"6":[2]},"fnMap":{"0":{"name":"login","decl":{"start":{"line":8,"column":9},"end":{"line":8,"column":18}},"loc":{"start":{"line":8,"column":9},"end":{"line":8,"column":18}},"line":8},"1":{"name":"logout","decl":{"start":{"line":9,"column":10},"end":{"line":9,"column":19}},"loc":{"start":{"line":9,"column":10},"end":{"line":9,"column":19}},"line":9},"2":{"name":"AuthProvider","decl":{"start":{"line":12,"column":28},"end":{"line":61,"column":2}},"loc":{"start":{"line":12,"column":28},"end":{"line":61,"column":2}},"line":12}},"f":{"0":0,"1":0,"2":8}}
,"C:\\Users\\Youssef\\.vscode\\projetApplicationWeb\\frontend\\src\\utils\\api.js": {"path":"C:\\Users\\Youssef\\.vscode\\projetApplicationWeb\\frontend\\src\\utils\\api.js","all":false,"statementMap":{"0":{"start":{"line":1,"column":0},"end":{"line":1,"column":60}},"1":{"start":{"line":2,"column":0},"end":{"line":2,"column":0}},"2":{"start":{"line":3,"column":0},"end":{"line":3,"column":47}},"3":{"start":{"line":4,"column":0},"end":{"line":4,"column":35}},"4":{"start":{"line":5,"column":0},"end":{"line":5,"column":63}},"5":{"start":{"line":6,"column":0},"end":{"line":6,"column":7}},"6":{"start":{"line":7,"column":0},"end":{"line":7,"column":9}},"7":{"start":{"line":8,"column":0},"end":{"line":8,"column":4}},"8":{"start":{"line":9,"column":0},"end":{"line":9,"column":0}},"9":{"start":{"line":10,"column":0},"end":{"line":10,"column":28}},"10":{"start":{"line":11,"column":0},"end":{"line":11,"column":69}},"11":{"start":{"line":12,"column":0},"end":{"line":12,"column":3}},"12":{"start":{"line":13,"column":0},"end":{"line":13,"column":0}},"13":{"start":{"line":14,"column":0},"end":{"line":14,"column":27}},"14":{"start":{"line":15,"column":0},"end":{"line":15,"column":1}}},"s":{"0":1,"1":1,"2":1,"3":4,"4":4,"5":4,"6":4,"7":4,"8":4,"9":4,"10":2,"11":2,"12":2,"13":4,"14":4},"branchMap":{"0":{"type":"branch","line":3,"loc":{"start":{"line":3,"column":7},"end":{"line":15,"column":1}},"locations":[{"start":{"line":3,"column":7},"end":{"line":15,"column":1}}]},"1":{"type":"branch","line":10,"loc":{"start":{"line":10,"column":12},"end":{"line":10,"column":25}},"locations":[{"start":{"line":10,"column":12},"end":{"line":10,"column":25}}]},"2":{"type":"branch","line":10,"loc":{"start":{"line":10,"column":27},"end":{"line":14,"column":19}},"locations":[{"start":{"line":10,"column":27},"end":{"line":14,"column":19}}]},"3":{"type":"branch","line":11,"loc":{"start":{"line":11,"column":31},"end":{"line":11,"column":67}},"locations":[{"start":{"line":11,"column":31},"end":{"line":11,"column":67}}]},"4":{"type":"branch","line":14,"loc":{"start":{"line":14,"column":19},"end":{"line":14,"column":26}},"locations":[{"start":{"line":14,"column":19},"end":{"line":14,"column":26}}]}},"b":{"0":[4],"1":[3],"2":[2],"3":[0],"4":[1]},"fnMap":{"0":{"name":"fetchCurrentUser","decl":{"start":{"line":3,"column":7},"end":{"line":15,"column":1}},"loc":{"start":{"line":3,"column":7},"end":{"line":15,"column":1}},"line":3}},"f":{"0":4}}
,"C:\\Users\\Youssef\\.vscode\\projetApplicationWeb\\frontend\\src\\utils\\fetchWithAuth.js": {"path":"C:\\Users\\Youssef\\.vscode\\projetApplicationWeb\\frontend\\src\\utils\\fetchWithAuth.js","all":false,"statementMap":{"0":{"start":{"line":1,"column":0},"end":{"line":1,"column":63}},"1":{"start":{"line":2,"column":0},"end":{"line":2,"column":51}},"2":{"start":{"line":3,"column":0},"end":{"line":3,"column":0}},"3":{"start":{"line":4,"column":0},"end":{"line":4,"column":32}},"4":{"start":{"line":5,"column":0},"end":{"line":5,"column":15}},"5":{"start":{"line":6,"column":0},"end":{"line":6,"column":14}},"6":{"start":{"line":7,"column":0},"end":{"line":7,"column":41}},"7":{"start":{"line":8,"column":0},"end":{"line":8,"column":39}},"8":{"start":{"line":9,"column":0},"end":{"line":9,"column":33}},"9":{"start":{"line":10,"column":0},"end":{"line":10,"column":6}},"10":{"start":{"line":11,"column":0},"end":{"line":11,"column":5}},"11":{"start":{"line":12,"column":0},"end":{"line":12,"column":0}},"12":{"start":{"line":13,"column":0},"end":{"line":13,"column":32}},"13":{"start":{"line":14,"column":0},"end":{"line":14,"column":0}},"14":{"start":{"line":15,"column":0},"end":{"line":15,"column":16}},"15":{"start":{"line":16,"column":0},"end":{"line":16,"column":78}},"16":{"start":{"line":17,"column":0},"end":{"line":17,"column":3}},"17":{"start":{"line":18,"column":0},"end":{"line":18,"column":0}},"18":{"start":{"line":19,"column":0},"end":{"line":19,"column":14}},"19":{"start":{"line":20,"column":0},"end":{"line":20,"column":1}}},"s":{"0":1,"1":3,"2":3,"3":3,"4":3,"5":3,"6":3,"7":3,"8":3,"9":3,"10":3,"11":3,"12":3,"13":3,"14":3,"15":1,"16":1,"17":2,"18":2,"19":2},"branchMap":{"0":{"type":"branch","line":1,"loc":{"start":{"line":1,"column":7},"end":{"line":20,"column":1}},"locations":[{"start":{"line":1,"column":7},"end":{"line":20,"column":1}}]},"1":{"type":"branch","line":2,"loc":{"start":{"line":2,"column":14},"end":{"line":2,"column":51}},"locations":[{"start":{"line":2,"column":14},"end":{"line":2,"column":51}}]},"2":{"type":"branch","line":15,"loc":{"start":{"line":15,"column":15},"end":{"line":17,"column":3}},"locations":[{"start":{"line":15,"column":15},"end":{"line":17,"column":3}}]},"3":{"type":"branch","line":16,"loc":{"start":{"line":16,"column":31},"end":{"line":16,"column":76}},"locations":[{"start":{"line":16,"column":31},"end":{"line":16,"column":76}}]},"4":{"type":"branch","line":17,"loc":{"start":{"line":17,"column":2},"end":{"line":20,"column":1}},"locations":[{"start":{"line":17,"column":2},"end":{"line":20,"column":1}}]}},"b":{"0":[3],"1":[0],"2":[1],"3":[0],"4":[2]},"fnMap":{"0":{"name":"fetchWithAuth","decl":{"start":{"line":1,"column":7},"end":{"line":20,"column":1}},"loc":{"start":{"line":1,"column":7},"end":{"line":20,"column":1}},"line":1}},"f":{"0":3}}
,"C:\\Users\\Youssef\\.vscode\\projetApplicationWeb\\frontend\\src\\utils\\jwtUtils.js": {"path":"C:\\Users\\Youssef\\.vscode\\projetApplicationWeb\\frontend\\src\\utils\\jwtUtils.js","all":false,"statementMap":{"0":{"start":{"line":1,"column":0},"end":{"line":1,"column":24}},"1":{"start":{"line":2,"column":0},"end":{"line":2,"column":0}},"2":{"start":{"line":3,"column":0},"end":{"line":3,"column":40}},"3":{"start":{"line":4,"column":0},"end":{"line":4,"column":27}},"4":{"start":{"line":5,"column":0},"end":{"line":5,"column":7}},"5":{"start":{"line":6,"column":0},"end":{"line":6,"column":72}},"6":{"start":{"line":7,"column":0},"end":{"line":7,"column":58}},"7":{"start":{"line":8,"column":0},"end":{"line":8,"column":75}},"8":{"start":{"line":9,"column":0},"end":{"line":9,"column":43}},"9":{"start":{"line":10,"column":0},"end":{"line":10,"column":15}},"10":{"start":{"line":11,"column":0},"end":{"line":11,"column":17}},"11":{"start":{"line":12,"column":0},"end":{"line":12,"column":3}},"12":{"start":{"line":13,"column":0},"end":{"line":13,"column":2}},"13":{"start":{"line":14,"column":0},"end":{"line":14,"column":0}},"14":{"start":{"line":15,"column":0},"end":{"line":15,"column":46}},"15":{"start":{"line":16,"column":0},"end":{"line":16,"column":26}},"16":{"start":{"line":17,"column":0},"end":{"line":17,"column":7}},"17":{"start":{"line":18,"column":0},"end":{"line":18,"column":58}},"18":{"start":{"line":19,"column":0},"end":{"line":19,"column":70}},"19":{"start":{"line":20,"column":0},"end":{"line":20,"column":63}},"20":{"start":{"line":21,"column":0},"end":{"line":21,"column":15}},"21":{"start":{"line":22,"column":0},"end":{"line":22,"column":16}},"22":{"start":{"line":23,"column":0},"end":{"line":23,"column":3}},"23":{"start":{"line":24,"column":0},"end":{"line":24,"column":2}}},"s":{"0":1,"1":1,"2":1,"3":9,"4":5,"5":5,"6":5,"7":5,"8":5,"9":9,"10":2,"11":2,"12":9,"13":1,"14":1,"15":7,"16":5,"17":5,"18":5,"19":7,"20":7,"21":1,"22":1,"23":7},"branchMap":{"0":{"type":"branch","line":3,"loc":{"start":{"line":3,"column":28},"end":{"line":13,"column":2}},"locations":[{"start":{"line":3,"column":28},"end":{"line":13,"column":2}}]},"1":{"type":"branch","line":4,"loc":{"start":{"line":4,"column":14},"end":{"line":10,"column":4}},"locations":[{"start":{"line":4,"column":14},"end":{"line":10,"column":4}}]},"2":{"type":"branch","line":4,"loc":{"start":{"line":4,"column":14},"end":{"line":4,"column":27}},"locations":[{"start":{"line":4,"column":14},"end":{"line":4,"column":27}}]},"3":{"type":"branch","line":5,"loc":{"start":{"line":5,"column":-2},"end":{"line":10,"column":4}},"locations":[{"start":{"line":5,"column":-2},"end":{"line":10,"column":4}}]},"4":{"type":"branch","line":10,"loc":{"start":{"line":10,"column":4},"end":{"line":12,"column":3}},"locations":[{"start":{"line":10,"column":4},"end":{"line":12,"column":3}}]},"5":{"type":"branch","line":15,"loc":{"start":{"line":15,"column":34},"end":{"line":24,"column":2}},"locations":[{"start":{"line":15,"column":34},"end":{"line":24,"column":2}}]},"6":{"type":"branch","line":16,"loc":{"start":{"line":16,"column":14},"end":{"line":20,"column":22}},"locations":[{"start":{"line":16,"column":14},"end":{"line":20,"column":22}}]},"7":{"type":"branch","line":16,"loc":{"start":{"line":16,"column":14},"end":{"line":16,"column":26}},"locations":[{"start":{"line":16,"column":14},"end":{"line":16,"column":26}}]},"8":{"type":"branch","line":17,"loc":{"start":{"line":17,"column":-2},"end":{"line":20,"column":22}},"locations":[{"start":{"line":17,"column":-2},"end":{"line":20,"column":22}}]},"9":{"type":"branch","line":20,"loc":{"start":{"line":20,"column":22},"end":{"line":20,"column":39}},"locations":[{"start":{"line":20,"column":22},"end":{"line":20,"column":39}}]},"10":{"type":"branch","line":20,"loc":{"start":{"line":20,"column":40},"end":{"line":20,"column":54}},"locations":[{"start":{"line":20,"column":40},"end":{"line":20,"column":54}}]},"11":{"type":"branch","line":20,"loc":{"start":{"line":20,"column":55},"end":{"line":20,"column":62}},"locations":[{"start":{"line":20,"column":55},"end":{"line":20,"column":62}}]},"12":{"type":"branch","line":21,"loc":{"start":{"line":21,"column":4},"end":{"line":23,"column":3}},"locations":[{"start":{"line":21,"column":4},"end":{"line":23,"column":3}}]}},"b":{"0":[9],"1":[8],"2":[4],"3":[5],"4":[2],"5":[7],"6":[6],"7":[2],"8":[5],"9":[2],"10":[1],"11":[1],"12":[1]},"fnMap":{"0":{"name":"isTokenValid","decl":{"start":{"line":3,"column":28},"end":{"line":13,"column":2}},"loc":{"start":{"line":3,"column":28},"end":{"line":13,"column":2}},"line":3},"1":{"name":"getUserIdFromToken","decl":{"start":{"line":15,"column":34},"end":{"line":24,"column":2}},"loc":{"start":{"line":15,"column":34},"end":{"line":24,"column":2}},"line":15}},"f":{"0":9,"1":7}}
,"C:\\Users\\Youssef\\.vscode\\projetApplicationWeb\\frontend\\src\\utils\\mathUtils.js": {"path":"C:\\Users\\Youssef\\.vscode\\projetApplicationWeb\\frontend\\src\\utils\\mathUtils.js","all":false,"statementMap":{"0":{"start":{"line":1,"column":0},"end":{"line":1,"column":74}},"1":{"start":{"line":2,"column":0},"end":{"line":2,"column":55}},"2":{"start":{"line":3,"column":0},"end":{"line":3,"column":57}},"3":{"start":{"line":4,"column":0},"end":{"line":4,"column":74}},"4":{"start":{"line":5,"column":0},"end":{"line":5,"column":2}},"5":{"start":{"line":6,"column":0},"end":{"line":6,"column":37}},"6":{"start":{"line":7,"column":0},"end":{"line":7,"column":50}},"7":{"start":{"line":8,"column":0},"end":{"line":8,"column":58}},"8":{"start":{"line":9,"column":0},"end":{"line":9,"column":1}}},"s":{"0":1,"1":6,"2":6,"3":6,"4":3,"5":3,"6":3,"7":3,"8":3},"branchMap":{"0":{"type":"branch","line":1,"loc":{"start":{"line":1,"column":7},"end":{"line":9,"column":1}},"locations":[{"start":{"line":1,"column":7},"end":{"line":9,"column":1}}]},"1":{"type":"branch","line":2,"loc":{"start":{"line":2,"column":22},"end":{"line":2,"column":55}},"locations":[{"start":{"line":2,"column":22},"end":{"line":2,"column":55}}]},"2":{"type":"branch","line":3,"loc":{"start":{"line":3,"column":21},"end":{"line":3,"column":57}},"locations":[{"start":{"line":3,"column":21},"end":{"line":3,"column":57}}]},"3":{"type":"branch","line":4,"loc":{"start":{"line":4,"column":-2},"end":{"line":4,"column":19}},"locations":[{"start":{"line":4,"column":-2},"end":{"line":4,"column":19}}]},"4":{"type":"branch","line":4,"loc":{"start":{"line":4,"column":19},"end":{"line":4,"column":36}},"locations":[{"start":{"line":4,"column":19},"end":{"line":4,"column":36}}]},"5":{"type":"branch","line":4,"loc":{"start":{"line":4,"column":38},"end":{"line":4,"column":74}},"locations":[{"start":{"line":4,"column":38},"end":{"line":4,"column":74}}]},"6":{"type":"branch","line":5,"loc":{"start":{"line":5,"column":-2},"end":{"line":9,"column":1}},"locations":[{"start":{"line":5,"column":-2},"end":{"line":9,"column":1}}]}},"b":{"0":[6],"1":[0],"2":[1],"3":[5],"4":[4],"5":[2],"6":[3]},"fnMap":{"0":{"name":"calculateArticlePrice","decl":{"start":{"line":1,"column":7},"end":{"line":9,"column":1}},"loc":{"start":{"line":1,"column":7},"end":{"line":9,"column":1}},"line":1}},"f":{"0":6}}
}
